Log file created at: 2023-12-12 18:11:47 742 140425755850880
2023-12-12 18:11:47 742 140425755850880 ipc/unix_ipc.cc(290) LOG(WARNING) connect failed: Connection refused
2023-12-12 18:11:47 742 140425755850880 ipc/unix_ipc.cc(290) LOG(WARNING) connect failed: Connection refused
2023-12-12 18:11:47 742 140425755850880 client/client.cc(565) LOG(ERROR) Connection failure to session
2023-12-12 18:11:47 742 140425755850880 ipc/unix_ipc.cc(290) LOG(WARNING) connect failed: Connection refused
2023-12-12 18:11:47 742 140425755850880 ipc/unix_ipc.cc(290) LOG(WARNING) connect failed: Connection refused
2023-12-12 18:11:47 742 140425755850880 client/client.cc(565) LOG(ERROR) Connection failure to session
2023-12-12 18:11:48 742 140425755850880 unix/fcitx5/fcitx_key_event_handler.cc(112) LOG(ERROR) Translate failed
2023-12-12 18:26:25 742 140425755850880 unix/fcitx5/fcitx_key_event_handler.cc(112) LOG(ERROR) Translate failed
2023-12-12 18:26:26 742 140425755850880 unix/fcitx5/fcitx_key_event_handler.cc(112) LOG(ERROR) Translate failed
2023-12-12 18:26:30 742 140425755850880 unix/fcitx5/fcitx_key_event_handler.cc(112) LOG(ERROR) Translate failed
2023-12-12 18:26:31 742 140425755850880 unix/fcitx5/fcitx_key_event_handler.cc(112) LOG(ERROR) Translate failed
2023-12-12 18:26:32 742 140425755850880 unix/fcitx5/fcitx_key_event_handler.cc(112) LOG(ERROR) Translate failed
2023-12-12 18:26:33 742 140425755850880 unix/fcitx5/fcitx_key_event_handler.cc(112) LOG(ERROR) Translate failed
2023-12-12 18:26:34 742 140425755850880 unix/fcitx5/fcitx_key_event_handler.cc(112) LOG(ERROR) Translate failed
2023-12-12 18:26:34 742 140425755850880 unix/fcitx5/fcitx_key_event_handler.cc(112) LOG(ERROR) Translate failed
2023-12-12 18:26:41 742 140425755850880 unix/fcitx5/fcitx_key_event_handler.cc(112) LOG(ERROR) Translate failed
2023-12-12 18:26:42 742 140425755850880 unix/fcitx5/fcitx_key_event_handler.cc(112) LOG(ERROR) Translate failed
2023-12-12 18:26:44 742 140425755850880 unix/fcitx5/fcitx_key_event_handler.cc(112) LOG(ERROR) Translate failed
2023-12-12 18:26:50 742 140425755850880 unix/fcitx5/fcitx_key_event_handler.cc(112) LOG(ERROR) Translate failed
2023-12-12 18:27:38 742 140425755850880 unix/fcitx5/fcitx_key_event_handler.cc(112) LOG(ERROR) Translate failed
2023-12-12 18:27:39 742 140425755850880 unix/fcitx5/fcitx_key_event_handler.cc(112) LOG(ERROR) Translate failed
2023-12-12 18:27:40 742 140425755850880 unix/fcitx5/fcitx_key_event_handler.cc(112) LOG(ERROR) Translate failed
2023-12-12 18:27:40 742 140425755850880 unix/fcitx5/fcitx_key_event_handler.cc(112) LOG(ERROR) Translate failed
2023-12-12 18:27:42 742 140425755850880 unix/fcitx5/fcitx_key_event_handler.cc(112) LOG(ERROR) Translate failed
2023-12-12 18:27:42 742 140425755850880 unix/fcitx5/fcitx_key_event_handler.cc(112) LOG(ERROR) Translate failed
2023-12-12 18:28:13 742 140425755850880 unix/fcitx5/fcitx_key_event_handler.cc(112) LOG(ERROR) Translate failed
2023-12-12 18:28:15 742 140425755850880 unix/fcitx5/fcitx_key_event_handler.cc(112) LOG(ERROR) Translate failed
2023-12-12 18:37:25 742 140425755850880 unix/fcitx5/fcitx_key_event_handler.cc(112) LOG(ERROR) Translate failed
2023-12-12 18:37:26 742 140425755850880 unix/fcitx5/fcitx_key_event_handler.cc(112) LOG(ERROR) Translate failed
2023-12-12 18:37:32 742 140425755850880 unix/fcitx5/fcitx_key_event_handler.cc(112) LOG(ERROR) Translate failed
2023-12-12 18:37:34 742 140425755850880 unix/fcitx5/fcitx_key_event_handler.cc(112) LOG(ERROR) Translate failed
2023-12-12 18:41:02 742 140425755850880 unix/fcitx5/fcitx_key_event_handler.cc(112) LOG(ERROR) Translate failed
2023-12-12 18:41:03 742 140425755850880 unix/fcitx5/fcitx_key_event_handler.cc(112) LOG(ERROR) Translate failed
2023-12-12 18:41:49 742 140425755850880 unix/fcitx5/fcitx_key_event_handler.cc(112) LOG(ERROR) Translate failed
2023-12-12 18:41:49 742 140425755850880 unix/fcitx5/fcitx_key_event_handler.cc(112) LOG(ERROR) Translate failed
2023-12-12 18:41:50 742 140425755850880 unix/fcitx5/fcitx_key_event_handler.cc(112) LOG(ERROR) Translate failed
2023-12-12 18:41:52 742 140425755850880 unix/fcitx5/fcitx_key_event_handler.cc(112) LOG(ERROR) Translate failed
2023-12-12 18:44:57 742 140425755850880 unix/fcitx5/fcitx_key_event_handler.cc(112) LOG(ERROR) Translate failed
2023-12-12 18:44:57 742 140425755850880 unix/fcitx5/fcitx_key_event_handler.cc(112) LOG(ERROR) Translate failed
2023-12-12 18:44:58 742 140425755850880 unix/fcitx5/fcitx_key_event_handler.cc(112) LOG(ERROR) Translate failed
2023-12-12 18:45:00 742 140425755850880 unix/fcitx5/fcitx_key_event_handler.cc(112) LOG(ERROR) Translate failed
2023-12-12 18:45:48 742 140425755850880 unix/fcitx5/fcitx_key_event_handler.cc(112) LOG(ERROR) Translate failed
2023-12-12 18:45:56 742 140425755850880 unix/fcitx5/fcitx_key_event_handler.cc(112) LOG(ERROR) Translate failed
2023-12-12 18:45:57 742 140425755850880 unix/fcitx5/fcitx_key_event_handler.cc(112) LOG(ERROR) Translate failed
2023-12-12 18:46:18 742 140425755850880 unix/fcitx5/fcitx_key_event_handler.cc(112) LOG(ERROR) Translate failed
2023-12-12 18:46:18 742 140425755850880 unix/fcitx5/fcitx_key_event_handler.cc(112) LOG(ERROR) Translate failed
2023-12-12 18:46:19 742 140425755850880 unix/fcitx5/fcitx_key_event_handler.cc(112) LOG(ERROR) Translate failed
2023-12-12 18:46:19 742 140425755850880 unix/fcitx5/fcitx_key_event_handler.cc(112) LOG(ERROR) Translate failed
2023-12-12 18:47:31 742 140425755850880 unix/fcitx5/fcitx_key_event_handler.cc(112) LOG(ERROR) Translate failed
2023-12-12 18:47:32 742 140425755850880 unix/fcitx5/fcitx_key_event_handler.cc(112) LOG(ERROR) Translate failed
2023-12-12 18:47:33 742 140425755850880 unix/fcitx5/fcitx_key_event_handler.cc(112) LOG(ERROR) Translate failed
2023-12-12 18:47:34 742 140425755850880 unix/fcitx5/fcitx_key_event_handler.cc(112) LOG(ERROR) Translate failed
2023-12-12 18:47:35 742 140425755850880 unix/fcitx5/fcitx_key_event_handler.cc(112) LOG(ERROR) Translate failed
2023-12-12 18:47:41 742 140425755850880 unix/fcitx5/fcitx_key_event_handler.cc(112) LOG(ERROR) Translate failed
2023-12-12 18:47:42 742 140425755850880 unix/fcitx5/fcitx_key_event_handler.cc(112) LOG(ERROR) Translate failed
2023-12-12 18:47:45 742 140425755850880 unix/fcitx5/fcitx_key_event_handler.cc(112) LOG(ERROR) Translate failed
2023-12-12 18:48:05 742 140425755850880 unix/fcitx5/fcitx_key_event_handler.cc(112) LOG(ERROR) Translate failed
2023-12-12 18:48:06 742 140425755850880 unix/fcitx5/fcitx_key_event_handler.cc(112) LOG(ERROR) Translate failed
2023-12-12 18:48:06 742 140425755850880 unix/fcitx5/fcitx_key_event_handler.cc(112) LOG(ERROR) Translate failed
2023-12-12 18:48:07 742 140425755850880 unix/fcitx5/fcitx_key_event_handler.cc(112) LOG(ERROR) Translate failed
2023-12-12 18:48:08 742 140425755850880 unix/fcitx5/fcitx_key_event_handler.cc(112) LOG(ERROR) Translate failed
2023-12-12 18:48:10 742 140425755850880 unix/fcitx5/fcitx_key_event_handler.cc(112) LOG(ERROR) Translate failed
2023-12-12 18:48:11 742 140425755850880 unix/fcitx5/fcitx_key_event_handler.cc(112) LOG(ERROR) Translate failed
2023-12-12 18:48:11 742 140425755850880 unix/fcitx5/fcitx_key_event_handler.cc(112) LOG(ERROR) Translate failed
2023-12-12 18:48:12 742 140425755850880 unix/fcitx5/fcitx_key_event_handler.cc(112) LOG(ERROR) Translate failed
2023-12-12 18:48:13 742 140425755850880 unix/fcitx5/fcitx_key_event_handler.cc(112) LOG(ERROR) Translate failed
2023-12-12 18:48:14 742 140425755850880 unix/fcitx5/fcitx_key_event_handler.cc(112) LOG(ERROR) Translate failed
2023-12-12 18:48:14 742 140425755850880 unix/fcitx5/fcitx_key_event_handler.cc(112) LOG(ERROR) Translate failed
2023-12-12 18:48:15 742 140425755850880 unix/fcitx5/fcitx_key_event_handler.cc(112) LOG(ERROR) Translate failed
2023-12-12 18:48:15 742 140425755850880 unix/fcitx5/fcitx_key_event_handler.cc(112) LOG(ERROR) Translate failed
2023-12-12 18:48:35 742 140425755850880 unix/fcitx5/fcitx_key_event_handler.cc(112) LOG(ERROR) Translate failed
2023-12-12 18:48:38 742 140425755850880 unix/fcitx5/fcitx_key_event_handler.cc(112) LOG(ERROR) Translate failed
2023-12-12 19:25:54 742 140425755850880 ipc/unix_ipc.cc(290) LOG(WARNING) connect failed: Connection refused
Log file created at: 2023-12-26 14:54:34 796 140043495172224
2023-12-26 14:54:34 796 140043495172224 ipc/unix_ipc.cc(290) LOG(WARNING) connect failed: Connection refused
2023-12-26 14:54:34 796 140043495172224 ipc/unix_ipc.cc(290) LOG(WARNING) connect failed: Connection refused
2023-12-26 14:54:34 796 140043495172224 client/client.cc(565) LOG(ERROR) Connection failure to session
2023-12-26 14:54:34 796 140043495172224 ipc/unix_ipc.cc(290) LOG(WARNING) connect failed: Connection refused
2023-12-26 14:54:34 796 140043495172224 ipc/unix_ipc.cc(290) LOG(WARNING) connect failed: Connection refused
2023-12-26 14:54:34 796 140043495172224 client/client.cc(565) LOG(ERROR) Connection failure to session
2023-12-26 15:26:37 796 140043495172224 unix/fcitx5/fcitx_key_event_handler.cc(112) LOG(ERROR) Translate failed
2023-12-26 15:26:38 796 140043495172224 unix/fcitx5/fcitx_key_event_handler.cc(112) LOG(ERROR) Translate failed
2023-12-26 15:26:39 796 140043495172224 unix/fcitx5/fcitx_key_event_handler.cc(112) LOG(ERROR) Translate failed
2023-12-26 15:26:44 796 140043495172224 unix/fcitx5/fcitx_key_event_handler.cc(112) LOG(ERROR) Translate failed
2023-12-26 15:27:00 796 140043495172224 unix/fcitx5/fcitx_key_event_handler.cc(112) LOG(ERROR) Translate failed
2023-12-26 15:27:01 796 140043495172224 unix/fcitx5/fcitx_key_event_handler.cc(112) LOG(ERROR) Translate failed
2023-12-26 15:27:02 796 140043495172224 unix/fcitx5/fcitx_key_event_handler.cc(112) LOG(ERROR) Translate failed
2023-12-26 15:27:03 796 140043495172224 unix/fcitx5/fcitx_key_event_handler.cc(112) LOG(ERROR) Translate failed
2023-12-26 15:27:29 796 140043495172224 unix/fcitx5/fcitx_key_event_handler.cc(112) LOG(ERROR) Translate failed
2023-12-26 15:27:30 796 140043495172224 unix/fcitx5/fcitx_key_event_handler.cc(112) LOG(ERROR) Translate failed
2023-12-26 15:27:31 796 140043495172224 unix/fcitx5/fcitx_key_event_handler.cc(112) LOG(ERROR) Translate failed
2023-12-26 15:27:32 796 140043495172224 unix/fcitx5/fcitx_key_event_handler.cc(112) LOG(ERROR) Translate failed
2023-12-26 15:27:32 796 140043495172224 unix/fcitx5/fcitx_key_event_handler.cc(112) LOG(ERROR) Translate failed
2023-12-26 15:27:33 796 140043495172224 unix/fcitx5/fcitx_key_event_handler.cc(112) LOG(ERROR) Translate failed
2023-12-26 15:27:33 796 140043495172224 unix/fcitx5/fcitx_key_event_handler.cc(112) LOG(ERROR) Translate failed
2023-12-26 15:27:34 796 140043495172224 unix/fcitx5/fcitx_key_event_handler.cc(112) LOG(ERROR) Translate failed
2023-12-26 15:27:35 796 140043495172224 unix/fcitx5/fcitx_key_event_handler.cc(112) LOG(ERROR) Translate failed
2023-12-26 15:27:35 796 140043495172224 unix/fcitx5/fcitx_key_event_handler.cc(112) LOG(ERROR) Translate failed
2023-12-26 15:28:41 796 140043495172224 unix/fcitx5/fcitx_key_event_handler.cc(112) LOG(ERROR) Translate failed
2023-12-26 15:28:43 796 140043495172224 unix/fcitx5/fcitx_key_event_handler.cc(112) LOG(ERROR) Translate failed
2023-12-26 15:35:32 796 140043495172224 ipc/unix_ipc.cc(290) LOG(WARNING) connect failed: Connection refused
2023-12-26 15:35:32 796 140043495172224 ipc/unix_ipc.cc(290) LOG(WARNING) connect failed: Connection refused
2023-12-26 15:35:32 796 140043495172224 client/client.cc(645) LOG(ERROR) Connection failure to session
2023-12-26 15:35:32 796 140043495172224 ipc/unix_ipc.cc(290) LOG(WARNING) connect failed: Connection refused
2023-12-26 15:35:32 796 140043495172224 ipc/unix_ipc.cc(290) LOG(WARNING) connect failed: Connection refused
2023-12-26 15:35:32 796 140043495172224 client/client.cc(645) LOG(ERROR) Connection failure to session
2023-12-26 15:35:32 796 140043495172224 ipc/unix_ipc.cc(290) LOG(WARNING) connect failed: Connection refused
2023-12-26 15:35:32 796 140043495172224 ipc/unix_ipc.cc(290) LOG(WARNING) connect failed: Connection refused
2023-12-26 15:35:32 796 140043495172224 client/client.cc(645) LOG(ERROR) Connection failure to session
2023-12-26 15:35:32 796 140043495172224 client/client.cc(472) LOG(ERROR) DeleteSession failed
2023-12-26 15:35:32 796 140043495172224 ipc/unix_ipc.cc(290) LOG(WARNING) connect failed: Connection refused
2023-12-26 15:35:32 796 140043495172224 ipc/unix_ipc.cc(290) LOG(WARNING) connect failed: Connection refused
2023-12-26 15:35:32 796 140043495172224 client/client.cc(645) LOG(ERROR) Connection failure to session
2023-12-26 15:35:32 796 140043495172224 ipc/unix_ipc.cc(290) LOG(WARNING) connect failed: Connection refused
2023-12-26 15:35:32 796 140043495172224 ipc/unix_ipc.cc(290) LOG(WARNING) connect failed: Connection refused
2023-12-26 15:35:32 796 140043495172224 client/client.cc(645) LOG(ERROR) Connection failure to session
2023-12-26 15:35:32 796 140043495172224 client/client.cc(472) LOG(ERROR) DeleteSession failed
2023-12-26 15:35:32 796 140043495172224 ipc/unix_ipc.cc(290) LOG(WARNING) connect failed: Connection refused
2023-12-26 15:35:32 796 140043495172224 ipc/unix_ipc.cc(290) LOG(WARNING) connect failed: Connection refused
2023-12-26 15:35:32 796 140043495172224 client/client.cc(645) LOG(ERROR) Connection failure to session
2023-12-26 15:35:32 796 140043495172224 ipc/unix_ipc.cc(290) LOG(WARNING) connect failed: Connection refused
2023-12-26 15:35:32 796 140043495172224 ipc/unix_ipc.cc(290) LOG(WARNING) connect failed: Connection refused
2023-12-26 15:35:32 796 140043495172224 client/client.cc(645) LOG(ERROR) Connection failure to session
2023-12-26 15:35:32 796 140043495172224 client/client.cc(472) LOG(ERROR) DeleteSession failed
2023-12-26 15:35:32 796 140043495172224 ipc/unix_ipc.cc(290) LOG(WARNING) connect failed: Connection refused
2023-12-26 15:35:32 796 140043495172224 ipc/unix_ipc.cc(290) LOG(WARNING) connect failed: Connection refused
2023-12-26 15:35:32 796 140043495172224 client/client.cc(645) LOG(ERROR) Connection failure to session
2023-12-26 15:35:32 796 140043495172224 ipc/unix_ipc.cc(290) LOG(WARNING) connect failed: Connection refused
2023-12-26 15:35:32 796 140043495172224 ipc/unix_ipc.cc(290) LOG(WARNING) connect failed: Connection refused
2023-12-26 15:35:32 796 140043495172224 client/client.cc(645) LOG(ERROR) Connection failure to session
2023-12-26 15:35:32 796 140043495172224 client/client.cc(472) LOG(ERROR) DeleteSession failed
2023-12-26 15:35:32 796 140043495172224 ipc/unix_ipc.cc(290) LOG(WARNING) connect failed: Connection refused
2023-12-26 15:35:32 796 140043495172224 ipc/unix_ipc.cc(290) LOG(WARNING) connect failed: Connection refused
2023-12-26 15:35:32 796 140043495172224 client/client.cc(645) LOG(ERROR) Connection failure to session
2023-12-26 15:35:32 796 140043495172224 ipc/unix_ipc.cc(290) LOG(WARNING) connect failed: Connection refused
2023-12-26 15:35:32 796 140043495172224 ipc/unix_ipc.cc(290) LOG(WARNING) connect failed: Connection refused
2023-12-26 15:35:32 796 140043495172224 client/client.cc(645) LOG(ERROR) Connection failure to session
2023-12-26 15:35:32 796 140043495172224 client/client.cc(472) LOG(ERROR) DeleteSession failed
2023-12-26 15:35:32 796 140043495172224 ipc/unix_ipc.cc(290) LOG(WARNING) connect failed: Connection refused
2023-12-26 15:35:32 796 140043495172224 ipc/unix_ipc.cc(290) LOG(WARNING) connect failed: Connection refused
2023-12-26 15:35:32 796 140043495172224 client/client.cc(645) LOG(ERROR) Connection failure to session
2023-12-26 15:35:32 796 140043495172224 ipc/unix_ipc.cc(290) LOG(WARNING) connect failed: Connection refused
2023-12-26 15:35:32 796 140043495172224 ipc/unix_ipc.cc(290) LOG(WARNING) connect failed: Connection refused
2023-12-26 15:35:32 796 140043495172224 client/client.cc(645) LOG(ERROR) Connection failure to session
2023-12-26 15:35:32 796 140043495172224 client/client.cc(472) LOG(ERROR) DeleteSession failed
2023-12-26 15:35:32 796 140043495172224 ipc/unix_ipc.cc(290) LOG(WARNING) connect failed: Connection refused
2023-12-26 15:35:32 796 140043495172224 ipc/unix_ipc.cc(290) LOG(WARNING) connect failed: Connection refused
2023-12-26 15:35:32 796 140043495172224 client/client.cc(645) LOG(ERROR) Connection failure to session
2023-12-26 15:35:32 796 140043495172224 ipc/unix_ipc.cc(290) LOG(WARNING) connect failed: Connection refused
2023-12-26 15:35:32 796 140043495172224 ipc/unix_ipc.cc(290) LOG(WARNING) connect failed: Connection refused
Log file created at: 2024-01-01 20:05:57 762 140441360824448
2024-01-01 20:05:57 762 140441360824448 ipc/unix_ipc.cc(290) LOG(WARNING) connect failed: Connection refused
2024-01-01 20:05:57 762 140441360824448 ipc/unix_ipc.cc(290) LOG(WARNING) connect failed: Connection refused
2024-01-01 20:05:57 762 140441360824448 client/client.cc(565) LOG(ERROR) Connection failure to session
2024-01-01 20:05:57 762 140441360824448 ipc/unix_ipc.cc(290) LOG(WARNING) connect failed: Connection refused
2024-01-01 20:05:57 762 140441360824448 ipc/unix_ipc.cc(290) LOG(WARNING) connect failed: Connection refused
2024-01-01 20:05:57 762 140441360824448 client/client.cc(565) LOG(ERROR) Connection failure to session
2024-01-01 20:05:57 762 140441360824448 unix/fcitx5/fcitx_key_event_handler.cc(112) LOG(ERROR) Translate failed
2024-01-01 20:05:59 762 140441360824448 unix/fcitx5/fcitx_key_event_handler.cc(112) LOG(ERROR) Translate failed
2024-01-01 20:06:03 762 140441360824448 unix/fcitx5/fcitx_key_event_handler.cc(112) LOG(ERROR) Translate failed
2024-01-01 20:06:03 762 140441360824448 unix/fcitx5/fcitx_key_event_handler.cc(112) LOG(ERROR) Translate failed
2024-01-01 20:06:13 762 140441360824448 unix/fcitx5/fcitx_key_event_handler.cc(112) LOG(ERROR) Translate failed
2024-01-01 20:36:29 762 140441360824448 unix/fcitx5/fcitx_key_event_handler.cc(112) LOG(ERROR) Translate failed
2024-01-01 20:36:30 762 140441360824448 unix/fcitx5/fcitx_key_event_handler.cc(112) LOG(ERROR) Translate failed
2024-01-01 20:36:31 762 140441360824448 unix/fcitx5/fcitx_key_event_handler.cc(112) LOG(ERROR) Translate failed
2024-01-01 20:36:31 762 140441360824448 unix/fcitx5/fcitx_key_event_handler.cc(112) LOG(ERROR) Translate failed
2024-01-01 20:36:32 762 140441360824448 unix/fcitx5/fcitx_key_event_handler.cc(112) LOG(ERROR) Translate failed
2024-01-01 20:36:32 762 140441360824448 unix/fcitx5/fcitx_key_event_handler.cc(112) LOG(ERROR) Translate failed
2024-01-01 20:36:34 762 140441360824448 unix/fcitx5/fcitx_key_event_handler.cc(112) LOG(ERROR) Translate failed
2024-01-01 20:36:35 762 140441360824448 unix/fcitx5/fcitx_key_event_handler.cc(112) LOG(ERROR) Translate failed
2024-01-01 20:36:35 762 140441360824448 unix/fcitx5/fcitx_key_event_handler.cc(112) LOG(ERROR) Translate failed
2024-01-01 20:36:35 762 140441360824448 unix/fcitx5/fcitx_key_event_handler.cc(112) LOG(ERROR) Translate failed
2024-01-01 20:46:32 762 140441360824448 unix/fcitx5/fcitx_key_event_handler.cc(112) LOG(ERROR) Translate failed
2024-01-01 20:46:32 762 140441360824448 unix/fcitx5/fcitx_key_event_handler.cc(112) LOG(ERROR) Translate failed
2024-01-01 20:46:33 762 140441360824448 unix/fcitx5/fcitx_key_event_handler.cc(112) LOG(ERROR) Translate failed
2024-01-01 20:46:34 762 140441360824448 unix/fcitx5/fcitx_key_event_handler.cc(112) LOG(ERROR) Translate failed
2024-01-01 20:46:34 762 140441360824448 unix/fcitx5/fcitx_key_event_handler.cc(112) LOG(ERROR) Translate failed
2024-01-01 20:46:34 762 140441360824448 unix/fcitx5/fcitx_key_event_handler.cc(112) LOG(ERROR) Translate failed
2024-01-01 20:46:35 762 140441360824448 unix/fcitx5/fcitx_key_event_handler.cc(112) LOG(ERROR) Translate failed
2024-01-01 20:46:37 762 140441360824448 unix/fcitx5/fcitx_key_event_handler.cc(112) LOG(ERROR) Translate failed
2024-01-01 20:47:16 762 140441360824448 unix/fcitx5/fcitx_key_event_handler.cc(112) LOG(ERROR) Translate failed
2024-01-01 20:47:17 762 140441360824448 unix/fcitx5/fcitx_key_event_handler.cc(112) LOG(ERROR) Translate failed
2024-01-01 20:47:18 762 140441360824448 unix/fcitx5/fcitx_key_event_handler.cc(112) LOG(ERROR) Translate failed
2024-01-01 20:47:18 762 140441360824448 unix/fcitx5/fcitx_key_event_handler.cc(112) LOG(ERROR) Translate failed
2024-01-01 20:47:19 762 140441360824448 unix/fcitx5/fcitx_key_event_handler.cc(112) LOG(ERROR) Translate failed
2024-01-01 20:47:19 762 140441360824448 unix/fcitx5/fcitx_key_event_handler.cc(112) LOG(ERROR) Translate failed
2024-01-01 20:47:23 762 140441360824448 unix/fcitx5/fcitx_key_event_handler.cc(112) LOG(ERROR) Translate failed
2024-01-01 20:47:23 762 140441360824448 unix/fcitx5/fcitx_key_event_handler.cc(112) LOG(ERROR) Translate failed
2024-01-01 20:47:24 762 140441360824448 unix/fcitx5/fcitx_key_event_handler.cc(112) LOG(ERROR) Translate failed
2024-01-01 20:47:24 762 140441360824448 unix/fcitx5/fcitx_key_event_handler.cc(112) LOG(ERROR) Translate failed
2024-01-01 20:48:08 762 140441360824448 unix/fcitx5/fcitx_key_event_handler.cc(112) LOG(ERROR) Translate failed
2024-01-01 20:48:09 762 140441360824448 unix/fcitx5/fcitx_key_event_handler.cc(112) LOG(ERROR) Translate failed
2024-01-01 20:48:34 762 140441360824448 unix/fcitx5/fcitx_key_event_handler.cc(112) LOG(ERROR) Translate failed
2024-01-01 20:48:34 762 140441360824448 unix/fcitx5/fcitx_key_event_handler.cc(112) LOG(ERROR) Translate failed
2024-01-01 20:48:35 762 140441360824448 unix/fcitx5/fcitx_key_event_handler.cc(112) LOG(ERROR) Translate failed
2024-01-01 20:48:35 762 140441360824448 unix/fcitx5/fcitx_key_event_handler.cc(112) LOG(ERROR) Translate failed
2024-01-01 20:48:39 762 140441360824448 unix/fcitx5/fcitx_key_event_handler.cc(112) LOG(ERROR) Translate failed
2024-01-01 20:48:40 762 140441360824448 unix/fcitx5/fcitx_key_event_handler.cc(112) LOG(ERROR) Translate failed
2024-01-01 20:48:40 762 140441360824448 unix/fcitx5/fcitx_key_event_handler.cc(112) LOG(ERROR) Translate failed
2024-01-01 20:48:41 762 140441360824448 unix/fcitx5/fcitx_key_event_handler.cc(112) LOG(ERROR) Translate failed
2024-01-01 20:48:42 762 140441360824448 unix/fcitx5/fcitx_key_event_handler.cc(112) LOG(ERROR) Translate failed
2024-01-01 20:48:43 762 140441360824448 unix/fcitx5/fcitx_key_event_handler.cc(112) LOG(ERROR) Translate failed
2024-01-01 20:48:49 762 140441360824448 unix/fcitx5/fcitx_key_event_handler.cc(112) LOG(ERROR) Translate failed
2024-01-01 20:48:49 762 140441360824448 unix/fcitx5/fcitx_key_event_handler.cc(112) LOG(ERROR) Translate failed
2024-01-01 20:48:50 762 140441360824448 unix/fcitx5/fcitx_key_event_handler.cc(112) LOG(ERROR) Translate failed
2024-01-01 20:48:51 762 140441360824448 unix/fcitx5/fcitx_key_event_handler.cc(112) LOG(ERROR) Translate failed
2024-01-01 20:48:57 762 140441360824448 unix/fcitx5/fcitx_key_event_handler.cc(112) LOG(ERROR) Translate failed
2024-01-01 20:48:57 762 140441360824448 unix/fcitx5/fcitx_key_event_handler.cc(112) LOG(ERROR) Translate failed
2024-01-01 20:48:58 762 140441360824448 unix/fcitx5/fcitx_key_event_handler.cc(112) LOG(ERROR) Translate failed
2024-01-01 20:48:58 762 140441360824448 unix/fcitx5/fcitx_key_event_handler.cc(112) LOG(ERROR) Translate failed
2024-01-01 20:49:12 762 140441360824448 unix/fcitx5/fcitx_key_event_handler.cc(112) LOG(ERROR) Translate failed
2024-01-01 20:49:12 762 140441360824448 unix/fcitx5/fcitx_key_event_handler.cc(112) LOG(ERROR) Translate failed
2024-01-01 20:49:13 762 140441360824448 unix/fcitx5/fcitx_key_event_handler.cc(112) LOG(ERROR) Translate failed
2024-01-01 20:49:14 762 140441360824448 unix/fcitx5/fcitx_key_event_handler.cc(112) LOG(ERROR) Translate failed
2024-01-01 21:12:25 762 140441360824448 unix/fcitx5/fcitx_key_event_handler.cc(112) LOG(ERROR) Translate failed
2024-01-01 21:12:26 762 140441360824448 unix/fcitx5/fcitx_key_event_handler.cc(112) LOG(ERROR) Translate failed
2024-01-01 21:56:19 762 140441360824448 ipc/unix_ipc.cc(290) LOG(WARNING) connect failed: Connection refused
2024-01-01 21:56:19 762 140441360824448 ipc/unix_ipc.cc(290) LOG(WARNING) connect failed: Connection refused
2024-01-01 21:56:19 762 140441360824448 client/client.cc(645) LOG(ERROR) Connection failure to session
2024-01-01 21:56:19 762 140441360824448 ipc/unix_ipc.cc(290) LOG(WARNING) connect failed: Connection refused
2024-01-01 21:56:19 762 140441360824448 ipc/unix_ipc.cc(290) LOG(WARNING) connect failed: Connection refused
2024-01-01 21:56:19 762 140441360824448 client/client.cc(645) LOG(ERROR) Connection failure to session
2024-01-01 21:56:19 762 140441360824448 ipc/unix_ipc.cc(290) LOG(WARNING) connect failed: Connection refused
2024-01-01 21:56:19 762 140441360824448 ipc/unix_ipc.cc(290) LOG(WARNING) connect failed: Connection refused
2024-01-01 21:56:19 762 140441360824448 client/client.cc(645) LOG(ERROR) Connection failure to session
2024-01-01 21:56:19 762 140441360824448 client/client.cc(472) LOG(ERROR) DeleteSession failed
2024-01-01 21:56:19 762 140441360824448 ipc/unix_ipc.cc(290) LOG(WARNING) connect failed: Connection refused
2024-01-01 21:56:19 762 140441360824448 ipc/unix_ipc.cc(290) LOG(WARNING) connect failed: Connection refused
2024-01-01 21:56:19 762 140441360824448 client/client.cc(645) LOG(ERROR) Connection failure to session
2024-01-01 21:56:19 762 140441360824448 ipc/unix_ipc.cc(290) LOG(WARNING) connect failed: Connection refused
2024-01-01 21:56:19 762 140441360824448 ipc/unix_ipc.cc(290) LOG(WARNING) connect failed: Connection refused
2024-01-01 21:56:19 762 140441360824448 client/client.cc(645) LOG(ERROR) Connection failure to session
2024-01-01 21:56:19 762 140441360824448 client/client.cc(472) LOG(ERROR) DeleteSession failed
2024-01-01 21:56:19 762 140441360824448 ipc/unix_ipc.cc(290) LOG(WARNING) connect failed: Connection refused
2024-01-01 21:56:19 762 140441360824448 ipc/unix_ipc.cc(290) LOG(WARNING) connect failed: Connection refused
2024-01-01 21:56:19 762 140441360824448 client/client.cc(645) LOG(ERROR) Connection failure to session
2024-01-01 21:56:19 762 140441360824448 ipc/unix_ipc.cc(290) LOG(WARNING) connect failed: Connection refused
2024-01-01 21:56:19 762 140441360824448 ipc/unix_ipc.cc(290) LOG(WARNING) connect failed: Connection refused
2024-01-01 21:56:19 762 140441360824448 client/client.cc(645) LOG(ERROR) Connection failure to session
2024-01-01 21:56:19 762 140441360824448 client/client.cc(472) LOG(ERROR) DeleteSession failed
2024-01-01 21:56:19 762 140441360824448 ipc/unix_ipc.cc(290) LOG(WARNING) connect failed: Connection refused
2024-01-01 21:56:19 762 140441360824448 ipc/unix_ipc.cc(290) LOG(WARNING) connect failed: Connection refused
2024-01-01 21:56:19 762 140441360824448 client/client.cc(645) LOG(ERROR) Connection failure to session
2024-01-01 21:56:19 762 140441360824448 ipc/unix_ipc.cc(290) LOG(WARNING) connect failed: Connection refused
2024-01-01 21:56:19 762 140441360824448 ipc/unix_ipc.cc(290) LOG(WARNING) connect failed: Connection refused
2024-01-01 21:56:19 762 140441360824448 client/client.cc(645) LOG(ERROR) Connection failure to session
2024-01-01 21:56:19 762 140441360824448 client/client.cc(472) LOG(ERROR) DeleteSession failed
2024-01-01 21:56:19 762 140441360824448 ipc/unix_ipc.cc(290) LOG(WARNING) connect failed: Connection refused
2024-01-01 21:56:19 762 140441360824448 ipc/unix_ipc.cc(290) LOG(WARNING) connect failed: Connection refused
2024-01-01 21:56:19 762 140441360824448 client/client.cc(645) LOG(ERROR) Connection failure to session
2024-01-01 21:56:19 762 140441360824448 ipc/unix_ipc.cc(290) LOG(WARNING) connect failed: Connection refused
2024-01-01 21:56:19 762 140441360824448 ipc/unix_ipc.cc(290) LOG(WARNING) connect failed: Connection refused
2024-01-01 21:56:19 762 140441360824448 client/client.cc(645) LOG(ERROR) Connection failure to session
2024-01-01 21:56:19 762 140441360824448 client/client.cc(472) LOG(ERROR) DeleteSession failed
2024-01-01 21:56:19 762 140441360824448 ipc/unix_ipc.cc(290) LOG(WARNING) connect failed: Connection refused
2024-01-01 21:56:19 762 140441360824448 ipc/unix_ipc.cc(290) LOG(WARNING) connect failed: Connection refused
2024-01-01 21:56:19 762 140441360824448 client/client.cc(645) LOG(ERROR) Connection failure to session
2024-01-01 21:56:19 762 140441360824448 ipc/unix_ipc.cc(290) LOG(WARNING) connect failed: Connection refused
2024-01-01 21:56:19 762 140441360824448 ipc/unix_ipc.cc(290) LOG(WARNING) connect failed: Connection refused
2024-01-01 21:56:19 762 140441360824448 client/client.cc(645) LOG(ERROR) Connection failure to session
2024-01-01 21:56:19 762 140441360824448 client/client.cc(472) LOG(ERROR) DeleteSession failed
2024-01-01 21:56:19 762 140441360824448 ipc/unix_ipc.cc(290) LOG(WARNING) connect failed: Connection refused
2024-01-01 21:56:19 762 140441360824448 ipc/unix_ipc.cc(290) LOG(WARNING) connect failed: Connection refused
2024-01-01 21:56:19 762 140441360824448 client/client.cc(645) LOG(ERROR) Connection failure to session
2024-01-01 21:56:19 762 140441360824448 ipc/unix_ipc.cc(290) LOG(WARNING) connect failed: Connection refused
2024-01-01 21:56:19 762 140441360824448 ipc/unix_ipc.cc(290) LOG(WARNING) connect failed: Connection refused
2024-01-01 21:56:19 762 140441360824448 client/client.cc(645) LOG(ERROR) Connection failure to session
2024-01-01 21:56:19 762 140441360824448 client/client.cc(472) LOG(ERROR) DeleteSession failed
2024-01-01 21:56:19 762 140441360824448 ipc/unix_ipc.cc(290) LOG(WARNING) connect failed: Connection refused
2024-01-01 21:56:19 762 140441360824448 ipc/unix_ipc.cc(290) LOG(WARNING) connect failed: Connection refused
2024-01-01 21:56:19 762 140441360824448 client/client.cc(645) LOG(ERROR) Connection failure to session
2024-01-01 21:56:19 762 140441360824448 ipc/unix_ipc.cc(290) LOG(WARNING) connect failed: Connection refused
2024-01-01 21:56:19 762 140441360824448 ipc/unix_ipc.cc(290) LOG(WARNING) connect failed: Connection refused
2024-01-01 21:56:19 762 140441360824448 client/client.cc(645) LOG(ERROR) Connection failure to session
2024-01-01 21:56:19 762 140441360824448 client/client.cc(472) LOG(ERROR) DeleteSession failed
2024-01-01 21:56:19 762 140441360824448 ipc/unix_ipc.cc(290) LOG(WARNING) connect failed: Connection refused
2024-01-01 21:56:19 762 140441360824448 ipc/unix_ipc.cc(290) LOG(WARNING) connect failed: Connection refused
2024-01-01 21:56:19 762 140441360824448 client/client.cc(645) LOG(ERROR) Connection failure to session
2024-01-01 21:56:19 762 140441360824448 ipc/unix_ipc.cc(290) LOG(WARNING) connect failed: Connection refused
2024-01-01 21:56:19 762 140441360824448 ipc/unix_ipc.cc(290) LOG(WARNING) connect failed: Connection refused
2024-01-01 21:56:19 762 140441360824448 client/client.cc(645) LOG(ERROR) Connection failure to session
2024-01-01 21:56:19 762 140441360824448 client/client.cc(472) LOG(ERROR) DeleteSession failed
2024-01-01 21:56:19 762 140441360824448 ipc/unix_ipc.cc(290) LOG(WARNING) connect failed: Connection refused
2024-01-01 21:56:19 762 140441360824448 ipc/unix_ipc.cc(290) LOG(WARNING) connect failed: Connection refused
2024-01-01 21:56:19 762 140441360824448 client/client.cc(645) LOG(ERROR) Connection failure to session
2024-01-01 21:56:19 762 140441360824448 ipc/unix_ipc.cc(290) LOG(WARNING) connect failed: Connection refused
2024-01-01 21:56:19 762 140441360824448 ipc/unix_ipc.cc(290) LOG(WARNING) connect failed: Connection refused
2024-01-01 21:56:19 762 140441360824448 client/client.cc(645) LOG(ERROR) Connection failure to session
2024-01-01 21:56:19 762 140441360824448 client/client.cc(472) LOG(ERROR) DeleteSession failed
2024-01-01 21:56:19 762 140441360824448 ipc/unix_ipc.cc(290) LOG(WARNING) connect failed: Connection refused
2024-01-01 21:56:19 762 140441360824448 ipc/unix_ipc.cc(290) LOG(WARNING) connect failed: Connection refused
2024-01-01 21:56:19 762 140441360824448 client/client.cc(645) LOG(ERROR) Connection failure to session
2024-01-01 21:56:19 762 140441360824448 ipc/unix_ipc.cc(290) LOG(WARNING) connect failed: Connection refused
2024-01-01 21:56:19 762 140441360824448 ipc/unix_ipc.cc(290) LOG(WARNING) connect failed: Connection refused
2024-01-01 21:56:19 762 140441360824448 client/client.cc(645) LOG(ERROR) Connection failure to session
2024-01-01 21:56:19 762 140441360824448 client/client.cc(472) LOG(ERROR) DeleteSession failed
2024-01-01 21:56:19 762 140441360824448 ipc/unix_ipc.cc(290) LOG(WARNING) connect failed: Connection refused
2024-01-01 21:56:19 762 140441360824448 ipc/unix_ipc.cc(290) LOG(WARNING) connect failed: Connection refused
2024-01-01 21:56:19 762 140441360824448 client/client.cc(645) LOG(ERROR) Connection failure to session
2024-01-01 21:56:19 762 140441360824448 ipc/unix_ipc.cc(290) LOG(WARNING) connect failed: Connection refused
2024-01-01 21:56:19 762 140441360824448 ipc/unix_ipc.cc(290) LOG(WARNING) connect failed: Connection refused
2024-01-01 21:56:19 762 140441360824448 client/client.cc(645) LOG(ERROR) Connection failure to session
2024-01-01 21:56:19 762 140441360824448 client/client.cc(472) LOG(ERROR) DeleteSession failed
2024-01-01 21:56:19 762 140441360824448 ipc/unix_ipc.cc(290) LOG(WARNING) connect failed: Connection refused
