2023-11-17T13:49:50.776Z [Modules] Modules initializing
2023-11-17T13:49:50.776Z [Modules] Distribution: remote
2023-11-17T13:49:50.776Z [Modules] Host updates: enabled
2023-11-17T13:49:50.776Z [Modules] Module updates: enabled
2023-11-17T13:49:50.776Z [Modules] Module install path: /home/alexe/.config/discord/0.0.34/modules
2023-11-17T13:49:50.776Z [Modules] Module installed file path: /home/alexe/.config/discord/0.0.34/modules/installed.json
2023-11-17T13:49:50.776Z [Modules] Module download path: /home/alexe/.config/discord/0.0.34/modules/pending
2023-11-17T13:49:50.983Z [Modules] Bootstrapping...
2023-11-17T13:49:50.984Z [Modules] Installing discord_desktop_core@0 from /opt/discord/resources/bootstrap/discord_desktop_core.zip
2023-11-17T13:49:50.990Z [Modules] Failed installing discord_desktop_core@0: Error: ENOENT: no such file or directory, open '/opt/discord/resources/bootstrap/discord_desktop_core.zip'
2023-11-17T13:49:50.991Z [Modules] Installing discord_erlpack@0 from /opt/discord/resources/bootstrap/discord_erlpack.zip
2023-11-17T13:49:50.995Z [Modules] Failed installing discord_erlpack@0: Error: ENOENT: no such file or directory, open '/opt/discord/resources/bootstrap/discord_erlpack.zip'
2023-11-17T13:49:51.011Z [Modules] Installing discord_spellcheck@0 from /opt/discord/resources/bootstrap/discord_spellcheck.zip
2023-11-17T13:49:51.015Z [Modules] Failed installing discord_spellcheck@0: Error: ENOENT: no such file or directory, open '/opt/discord/resources/bootstrap/discord_spellcheck.zip'
2023-11-17T13:49:51.026Z [Modules] Installing discord_utils@0 from /opt/discord/resources/bootstrap/discord_utils.zip
2023-11-17T13:49:51.029Z [Modules] Failed installing discord_utils@0: Error: ENOENT: no such file or directory, open '/opt/discord/resources/bootstrap/discord_utils.zip'
2023-11-17T13:49:51.044Z [Modules] Installing discord_voice@0 from /opt/discord/resources/bootstrap/discord_voice.zip
2023-11-17T13:49:51.045Z [Modules] Failed installing discord_voice@0: Error: ENOENT: no such file or directory, open '/opt/discord/resources/bootstrap/discord_voice.zip'
2023-11-17T13:49:51.046Z [Modules] Finished module installations. [success: 0] [failure: 5]
2023-11-17T13:49:51.046Z [Modules] Checking for host updates.
2023-11-17T13:49:51.269Z [Modules] Host update is available. Manual update required!
2023-11-19T18:32:10.879Z [Modules] Modules initializing
2023-11-19T18:32:10.879Z [Modules] Distribution: remote
2023-11-19T18:32:10.879Z [Modules] Host updates: enabled
2023-11-19T18:32:10.879Z [Modules] Module updates: enabled
2023-11-19T18:32:10.879Z [Modules] Module install path: /home/alexe/.config/discord/0.0.34/modules
2023-11-19T18:32:10.879Z [Modules] Module installed file path: /home/alexe/.config/discord/0.0.34/modules/installed.json
2023-11-19T18:32:10.879Z [Modules] Module download path: /home/alexe/.config/discord/0.0.34/modules/pending
2023-11-19T18:32:13.378Z [Modules] No updates to install
2023-11-19T18:32:13.379Z [Modules] Checking for host updates.
2023-11-19T18:32:14.753Z [Modules] Host update is available. Manual update required!
2023-11-19T18:33:48.026Z [Modules] Modules initializing
2023-11-19T18:33:48.026Z [Modules] Distribution: remote
2023-11-19T18:33:48.026Z [Modules] Host updates: enabled
2023-11-19T18:33:48.026Z [Modules] Module updates: enabled
2023-11-19T18:33:48.027Z [Modules] Module install path: /home/alexe/.config/discord/0.0.34/modules
2023-11-19T18:33:48.027Z [Modules] Module installed file path: /home/alexe/.config/discord/0.0.34/modules/installed.json
2023-11-19T18:33:48.027Z [Modules] Module download path: /home/alexe/.config/discord/0.0.34/modules/pending
2023-11-19T18:33:48.165Z [Modules] No updates to install
2023-11-19T18:33:48.166Z [Modules] Checking for host updates.
2023-11-19T18:33:48.757Z [Modules] Host update is available. Manual update required!
2023-11-19T18:34:42.020Z [Modules] Modules initializing
2023-11-19T18:34:42.020Z [Modules] Distribution: remote
2023-11-19T18:34:42.020Z [Modules] Host updates: enabled
2023-11-19T18:34:42.020Z [Modules] Module updates: enabled
2023-11-19T18:34:42.020Z [Modules] Module install path: /home/alexe/.config/discord/0.0.34/modules
2023-11-19T18:34:42.021Z [Modules] Module installed file path: /home/alexe/.config/discord/0.0.34/modules/installed.json
2023-11-19T18:34:42.021Z [Modules] Module download path: /home/alexe/.config/discord/0.0.34/modules/pending
2023-11-19T18:34:42.154Z [Modules] No updates to install
2023-11-19T18:34:42.154Z [Modules] Checking for host updates.
2023-11-19T18:34:42.515Z [Modules] Host update is available. Manual update required!
2023-11-19T18:41:41.314Z [Modules] Modules initializing
2023-11-19T18:41:41.314Z [Modules] Distribution: remote
2023-11-19T18:41:41.314Z [Modules] Host updates: enabled
2023-11-19T18:41:41.314Z [Modules] Module updates: enabled
2023-11-19T18:41:41.314Z [Modules] Module install path: /home/alexe/.config/discord/0.0.35/modules
2023-11-19T18:41:41.314Z [Modules] Module installed file path: /home/alexe/.config/discord/0.0.35/modules/installed.json
2023-11-19T18:41:41.315Z [Modules] Module download path: /home/alexe/.config/discord/0.0.35/modules/pending
2023-11-19T18:41:44.337Z [Modules] Bootstrapping...
2023-11-19T18:41:44.337Z [Modules] Installing discord_desktop_core@0 from /opt/discord/resources/bootstrap/discord_desktop_core.zip
2023-11-19T18:41:44.340Z [Modules] Failed installing discord_desktop_core@0: Error: ENOENT: no such file or directory, open '/opt/discord/resources/bootstrap/discord_desktop_core.zip'
2023-11-19T18:41:44.340Z [Modules] Installing discord_erlpack@0 from /opt/discord/resources/bootstrap/discord_erlpack.zip
2023-11-19T18:41:44.341Z [Modules] Failed installing discord_erlpack@0: Error: ENOENT: no such file or directory, open '/opt/discord/resources/bootstrap/discord_erlpack.zip'
2023-11-19T18:41:44.341Z [Modules] Installing discord_spellcheck@0 from /opt/discord/resources/bootstrap/discord_spellcheck.zip
2023-11-19T18:41:44.423Z [Modules] Failed installing discord_spellcheck@0: Error: ENOENT: no such file or directory, open '/opt/discord/resources/bootstrap/discord_spellcheck.zip'
2023-11-19T18:41:44.424Z [Modules] Installing discord_utils@0 from /opt/discord/resources/bootstrap/discord_utils.zip
2023-11-19T18:41:44.426Z [Modules] Failed installing discord_utils@0: Error: ENOENT: no such file or directory, open '/opt/discord/resources/bootstrap/discord_utils.zip'
2023-11-19T18:41:44.441Z [Modules] Installing discord_voice@0 from /opt/discord/resources/bootstrap/discord_voice.zip
2023-11-19T18:41:44.443Z [Modules] Failed installing discord_voice@0: Error: ENOENT: no such file or directory, open '/opt/discord/resources/bootstrap/discord_voice.zip'
2023-11-19T18:41:44.443Z [Modules] Finished module installations. [success: 0] [failure: 5]
2023-11-19T18:41:44.443Z [Modules] Checking for host updates.
2023-11-19T18:41:46.364Z [Modules] Host is up to date.
2023-11-19T18:41:46.364Z [Modules] Checking for module updates at https://discord.com/api/modules/stable/versions.json
2023-11-19T18:41:46.390Z [Modules] Module update available: discord_desktop_core@1 [installed: 0]
2023-11-19T18:41:46.390Z [Modules] Module update available: discord_erlpack@1 [installed: 0]
2023-11-19T18:41:46.390Z [Modules] Module update available: discord_spellcheck@1 [installed: 0]
2023-11-19T18:41:46.390Z [Modules] Module update available: discord_utils@1 [installed: 0]
2023-11-19T18:41:46.390Z [Modules] Module update available: discord_voice@1 [installed: 0]
2023-11-19T18:41:46.391Z [Modules] Fetching discord_desktop_core@1 from https://discord.com/api/modules/stable/discord_desktop_core/1
2023-11-19T18:41:46.391Z [Modules] Streaming discord_desktop_core@1 to /home/alexe/.config/discord/0.0.35/modules/pending/discord_desktop_core-1.zip
2023-11-19T18:41:46.772Z [Modules] Streaming discord_desktop_core@1 to /home/alexe/.config/discord/0.0.35/modules/pending/discord_desktop_core-1.zip: 2%
2023-11-19T18:41:46.789Z [Modules] Streaming discord_desktop_core@1 to /home/alexe/.config/discord/0.0.35/modules/pending/discord_desktop_core-1.zip: 3%
2023-11-19T18:41:46.796Z [Modules] Streaming discord_desktop_core@1 to /home/alexe/.config/discord/0.0.35/modules/pending/discord_desktop_core-1.zip: 5%
2023-11-19T18:41:46.800Z [Modules] Streaming discord_desktop_core@1 to /home/alexe/.config/discord/0.0.35/modules/pending/discord_desktop_core-1.zip: 6%
2023-11-19T18:41:46.804Z [Modules] Streaming discord_desktop_core@1 to /home/alexe/.config/discord/0.0.35/modules/pending/discord_desktop_core-1.zip: 7%
2023-11-19T18:41:46.807Z [Modules] Streaming discord_desktop_core@1 to /home/alexe/.config/discord/0.0.35/modules/pending/discord_desktop_core-1.zip: 8%
2023-11-19T18:41:46.811Z [Modules] Streaming discord_desktop_core@1 to /home/alexe/.config/discord/0.0.35/modules/pending/discord_desktop_core-1.zip: 9%
2023-11-19T18:41:46.813Z [Modules] Streaming discord_desktop_core@1 to /home/alexe/.config/discord/0.0.35/modules/pending/discord_desktop_core-1.zip: 11%
2023-11-19T18:41:46.817Z [Modules] Streaming discord_desktop_core@1 to /home/alexe/.config/discord/0.0.35/modules/pending/discord_desktop_core-1.zip: 13%
2023-11-19T18:41:46.819Z [Modules] Streaming discord_desktop_core@1 to /home/alexe/.config/discord/0.0.35/modules/pending/discord_desktop_core-1.zip: 14%
2023-11-19T18:41:46.822Z [Modules] Streaming discord_desktop_core@1 to /home/alexe/.config/discord/0.0.35/modules/pending/discord_desktop_core-1.zip: 16%
2023-11-19T18:41:46.824Z [Modules] Streaming discord_desktop_core@1 to /home/alexe/.config/discord/0.0.35/modules/pending/discord_desktop_core-1.zip: 17%
2023-11-19T18:41:46.827Z [Modules] Streaming discord_desktop_core@1 to /home/alexe/.config/discord/0.0.35/modules/pending/discord_desktop_core-1.zip: 18%
2023-11-19T18:41:46.829Z [Modules] Streaming discord_desktop_core@1 to /home/alexe/.config/discord/0.0.35/modules/pending/discord_desktop_core-1.zip: 20%
2023-11-19T18:41:46.834Z [Modules] Streaming discord_desktop_core@1 to /home/alexe/.config/discord/0.0.35/modules/pending/discord_desktop_core-1.zip: 22%
2023-11-19T18:41:46.838Z [Modules] Streaming discord_desktop_core@1 to /home/alexe/.config/discord/0.0.35/modules/pending/discord_desktop_core-1.zip: 24%
2023-11-19T18:41:46.848Z [Modules] Streaming discord_desktop_core@1 to /home/alexe/.config/discord/0.0.35/modules/pending/discord_desktop_core-1.zip: 27%
2023-11-19T18:41:46.849Z [Modules] Streaming discord_desktop_core@1 to /home/alexe/.config/discord/0.0.35/modules/pending/discord_desktop_core-1.zip: 29%
2023-11-19T18:41:46.855Z [Modules] Streaming discord_desktop_core@1 to /home/alexe/.config/discord/0.0.35/modules/pending/discord_desktop_core-1.zip: 32%
2023-11-19T18:41:46.855Z [Modules] Streaming discord_desktop_core@1 to /home/alexe/.config/discord/0.0.35/modules/pending/discord_desktop_core-1.zip: 35%
2023-11-19T18:41:46.861Z [Modules] Streaming discord_desktop_core@1 to /home/alexe/.config/discord/0.0.35/modules/pending/discord_desktop_core-1.zip: 38%
2023-11-19T18:41:46.862Z [Modules] Streaming discord_desktop_core@1 to /home/alexe/.config/discord/0.0.35/modules/pending/discord_desktop_core-1.zip: 40%
2023-11-19T18:41:46.871Z [Modules] Streaming discord_desktop_core@1 to /home/alexe/.config/discord/0.0.35/modules/pending/discord_desktop_core-1.zip: 43%
2023-11-19T18:41:46.872Z [Modules] Streaming discord_desktop_core@1 to /home/alexe/.config/discord/0.0.35/modules/pending/discord_desktop_core-1.zip: 44%
2023-11-19T18:41:46.876Z [Modules] Streaming discord_desktop_core@1 to /home/alexe/.config/discord/0.0.35/modules/pending/discord_desktop_core-1.zip: 47%
2023-11-19T18:41:46.877Z [Modules] Streaming discord_desktop_core@1 to /home/alexe/.config/discord/0.0.35/modules/pending/discord_desktop_core-1.zip: 48%
2023-11-19T18:41:46.882Z [Modules] Streaming discord_desktop_core@1 to /home/alexe/.config/discord/0.0.35/modules/pending/discord_desktop_core-1.zip: 51%
2023-11-19T18:41:46.883Z [Modules] Streaming discord_desktop_core@1 to /home/alexe/.config/discord/0.0.35/modules/pending/discord_desktop_core-1.zip: 54%
2023-11-19T18:41:46.893Z [Modules] Streaming discord_desktop_core@1 to /home/alexe/.config/discord/0.0.35/modules/pending/discord_desktop_core-1.zip: 57%
2023-11-19T18:41:46.894Z [Modules] Streaming discord_desktop_core@1 to /home/alexe/.config/discord/0.0.35/modules/pending/discord_desktop_core-1.zip: 58%
2023-11-19T18:41:46.899Z [Modules] Streaming discord_desktop_core@1 to /home/alexe/.config/discord/0.0.35/modules/pending/discord_desktop_core-1.zip: 61%
2023-11-19T18:41:46.900Z [Modules] Streaming discord_desktop_core@1 to /home/alexe/.config/discord/0.0.35/modules/pending/discord_desktop_core-1.zip: 63%
2023-11-19T18:41:46.904Z [Modules] Streaming discord_desktop_core@1 to /home/alexe/.config/discord/0.0.35/modules/pending/discord_desktop_core-1.zip: 66%
2023-11-19T18:41:46.905Z [Modules] Streaming discord_desktop_core@1 to /home/alexe/.config/discord/0.0.35/modules/pending/discord_desktop_core-1.zip: 68%
2023-11-19T18:41:46.910Z [Modules] Streaming discord_desktop_core@1 to /home/alexe/.config/discord/0.0.35/modules/pending/discord_desktop_core-1.zip: 71%
2023-11-19T18:41:46.910Z [Modules] Streaming discord_desktop_core@1 to /home/alexe/.config/discord/0.0.35/modules/pending/discord_desktop_core-1.zip: 72%
2023-11-19T18:41:46.914Z [Modules] Streaming discord_desktop_core@1 to /home/alexe/.config/discord/0.0.35/modules/pending/discord_desktop_core-1.zip: 75%
2023-11-19T18:41:46.918Z [Modules] Streaming discord_desktop_core@1 to /home/alexe/.config/discord/0.0.35/modules/pending/discord_desktop_core-1.zip: 78%
2023-11-19T18:41:46.919Z [Modules] Streaming discord_desktop_core@1 to /home/alexe/.config/discord/0.0.35/modules/pending/discord_desktop_core-1.zip: 79%
2023-11-19T18:41:46.922Z [Modules] Streaming discord_desktop_core@1 to /home/alexe/.config/discord/0.0.35/modules/pending/discord_desktop_core-1.zip: 80%
2023-11-19T18:41:46.928Z [Modules] Streaming discord_desktop_core@1 to /home/alexe/.config/discord/0.0.35/modules/pending/discord_desktop_core-1.zip: 83%
2023-11-19T18:41:46.929Z [Modules] Streaming discord_desktop_core@1 to /home/alexe/.config/discord/0.0.35/modules/pending/discord_desktop_core-1.zip: 85%
2023-11-19T18:41:46.934Z [Modules] Streaming discord_desktop_core@1 to /home/alexe/.config/discord/0.0.35/modules/pending/discord_desktop_core-1.zip: 87%
2023-11-19T18:41:46.955Z [Modules] Streaming discord_desktop_core@1 to /home/alexe/.config/discord/0.0.35/modules/pending/discord_desktop_core-1.zip: 90%
2023-11-19T18:41:46.959Z [Modules] Streaming discord_desktop_core@1 to /home/alexe/.config/discord/0.0.35/modules/pending/discord_desktop_core-1.zip: 93%
2023-11-19T18:41:46.961Z [Modules] Streaming discord_desktop_core@1 to /home/alexe/.config/discord/0.0.35/modules/pending/discord_desktop_core-1.zip: 95%
2023-11-19T18:41:46.961Z [Modules] Streaming discord_desktop_core@1 to /home/alexe/.config/discord/0.0.35/modules/pending/discord_desktop_core-1.zip: 96%
2023-11-19T18:41:46.965Z [Modules] Streaming discord_desktop_core@1 to /home/alexe/.config/discord/0.0.35/modules/pending/discord_desktop_core-1.zip: 98%
2023-11-19T18:41:46.966Z [Modules] Streaming discord_desktop_core@1 to /home/alexe/.config/discord/0.0.35/modules/pending/discord_desktop_core-1.zip: 100%
2023-11-19T18:41:46.972Z [Modules] Fetching discord_erlpack@1 from https://discord.com/api/modules/stable/discord_erlpack/1
2023-11-19T18:41:46.972Z [Modules] Streaming discord_erlpack@1 to /home/alexe/.config/discord/0.0.35/modules/pending/discord_erlpack-1.zip
2023-11-19T18:41:47.391Z [Modules] Streaming discord_erlpack@1 to /home/alexe/.config/discord/0.0.35/modules/pending/discord_erlpack-1.zip: 3%
2023-11-19T18:41:47.395Z [Modules] Streaming discord_erlpack@1 to /home/alexe/.config/discord/0.0.35/modules/pending/discord_erlpack-1.zip: 6%
2023-11-19T18:41:47.396Z [Modules] Streaming discord_erlpack@1 to /home/alexe/.config/discord/0.0.35/modules/pending/discord_erlpack-1.zip: 9%
2023-11-19T18:41:47.402Z [Modules] Streaming discord_erlpack@1 to /home/alexe/.config/discord/0.0.35/modules/pending/discord_erlpack-1.zip: 12%
2023-11-19T18:41:47.403Z [Modules] Streaming discord_erlpack@1 to /home/alexe/.config/discord/0.0.35/modules/pending/discord_erlpack-1.zip: 15%
2023-11-19T18:41:47.409Z [Modules] Streaming discord_erlpack@1 to /home/alexe/.config/discord/0.0.35/modules/pending/discord_erlpack-1.zip: 18%
2023-11-19T18:41:47.410Z [Modules] Streaming discord_erlpack@1 to /home/alexe/.config/discord/0.0.35/modules/pending/discord_erlpack-1.zip: 22%
2023-11-19T18:41:47.417Z [Modules] Streaming discord_erlpack@1 to /home/alexe/.config/discord/0.0.35/modules/pending/discord_erlpack-1.zip: 25%
2023-11-19T18:41:47.418Z [Modules] Streaming discord_erlpack@1 to /home/alexe/.config/discord/0.0.35/modules/pending/discord_erlpack-1.zip: 27%
2023-11-19T18:41:47.420Z [Modules] Streaming discord_erlpack@1 to /home/alexe/.config/discord/0.0.35/modules/pending/discord_erlpack-1.zip: 28%
2023-11-19T18:41:47.433Z [Modules] Streaming discord_erlpack@1 to /home/alexe/.config/discord/0.0.35/modules/pending/discord_erlpack-1.zip: 31%
2023-11-19T18:41:47.434Z [Modules] Streaming discord_erlpack@1 to /home/alexe/.config/discord/0.0.35/modules/pending/discord_erlpack-1.zip: 32%
2023-11-19T18:41:47.442Z [Modules] Streaming discord_erlpack@1 to /home/alexe/.config/discord/0.0.35/modules/pending/discord_erlpack-1.zip: 35%
2023-11-19T18:41:47.443Z [Modules] Streaming discord_erlpack@1 to /home/alexe/.config/discord/0.0.35/modules/pending/discord_erlpack-1.zip: 38%
2023-11-19T18:41:47.451Z [Modules] Streaming discord_erlpack@1 to /home/alexe/.config/discord/0.0.35/modules/pending/discord_erlpack-1.zip: 40%
2023-11-19T18:41:47.602Z [Modules] Streaming discord_erlpack@1 to /home/alexe/.config/discord/0.0.35/modules/pending/discord_erlpack-1.zip: 42%
2023-11-19T18:41:47.614Z [Modules] Streaming discord_erlpack@1 to /home/alexe/.config/discord/0.0.35/modules/pending/discord_erlpack-1.zip: 46%
2023-11-19T18:41:47.615Z [Modules] Streaming discord_erlpack@1 to /home/alexe/.config/discord/0.0.35/modules/pending/discord_erlpack-1.zip: 57%
2023-11-19T18:41:47.616Z [Modules] Streaming discord_erlpack@1 to /home/alexe/.config/discord/0.0.35/modules/pending/discord_erlpack-1.zip: 77%
2023-11-19T18:41:47.616Z [Modules] Streaming discord_erlpack@1 to /home/alexe/.config/discord/0.0.35/modules/pending/discord_erlpack-1.zip: 84%
2023-11-19T18:41:47.622Z [Modules] Streaming discord_erlpack@1 to /home/alexe/.config/discord/0.0.35/modules/pending/discord_erlpack-1.zip: 88%
2023-11-19T18:41:47.622Z [Modules] Streaming discord_erlpack@1 to /home/alexe/.config/discord/0.0.35/modules/pending/discord_erlpack-1.zip: 89%
2023-11-19T18:41:47.637Z [Modules] Streaming discord_erlpack@1 to /home/alexe/.config/discord/0.0.35/modules/pending/discord_erlpack-1.zip: 92%
2023-11-19T18:41:47.639Z [Modules] Streaming discord_erlpack@1 to /home/alexe/.config/discord/0.0.35/modules/pending/discord_erlpack-1.zip: 94%
2023-11-19T18:41:47.651Z [Modules] Streaming discord_erlpack@1 to /home/alexe/.config/discord/0.0.35/modules/pending/discord_erlpack-1.zip: 97%
2023-11-19T18:41:47.651Z [Modules] Streaming discord_erlpack@1 to /home/alexe/.config/discord/0.0.35/modules/pending/discord_erlpack-1.zip: 98%
2023-11-19T18:41:47.656Z [Modules] Streaming discord_erlpack@1 to /home/alexe/.config/discord/0.0.35/modules/pending/discord_erlpack-1.zip: 100%
2023-11-19T18:41:47.658Z [Modules] Fetching discord_spellcheck@1 from https://discord.com/api/modules/stable/discord_spellcheck/1
2023-11-19T18:41:47.658Z [Modules] Streaming discord_spellcheck@1 to /home/alexe/.config/discord/0.0.35/modules/pending/discord_spellcheck-1.zip
2023-11-19T18:41:47.854Z [Modules] Streaming discord_spellcheck@1 to /home/alexe/.config/discord/0.0.35/modules/pending/discord_spellcheck-1.zip: 1%
2023-11-19T18:41:47.868Z [Modules] Streaming discord_spellcheck@1 to /home/alexe/.config/discord/0.0.35/modules/pending/discord_spellcheck-1.zip: 2%
2023-11-19T18:41:47.879Z [Modules] Streaming discord_spellcheck@1 to /home/alexe/.config/discord/0.0.35/modules/pending/discord_spellcheck-1.zip: 3%
2023-11-19T18:41:47.892Z [Modules] Streaming discord_spellcheck@1 to /home/alexe/.config/discord/0.0.35/modules/pending/discord_spellcheck-1.zip: 4%
2023-11-19T18:41:47.892Z [Modules] Streaming discord_spellcheck@1 to /home/alexe/.config/discord/0.0.35/modules/pending/discord_spellcheck-1.zip: 5%
2023-11-19T18:41:47.901Z [Modules] Streaming discord_spellcheck@1 to /home/alexe/.config/discord/0.0.35/modules/pending/discord_spellcheck-1.zip: 6%
2023-11-19T18:41:47.909Z [Modules] Streaming discord_spellcheck@1 to /home/alexe/.config/discord/0.0.35/modules/pending/discord_spellcheck-1.zip: 7%
2023-11-19T18:41:47.925Z [Modules] Streaming discord_spellcheck@1 to /home/alexe/.config/discord/0.0.35/modules/pending/discord_spellcheck-1.zip: 8%
2023-11-19T18:41:47.934Z [Modules] Streaming discord_spellcheck@1 to /home/alexe/.config/discord/0.0.35/modules/pending/discord_spellcheck-1.zip: 9%
2023-11-19T18:41:47.947Z [Modules] Streaming discord_spellcheck@1 to /home/alexe/.config/discord/0.0.35/modules/pending/discord_spellcheck-1.zip: 10%
2023-11-19T18:41:47.967Z [Modules] Streaming discord_spellcheck@1 to /home/alexe/.config/discord/0.0.35/modules/pending/discord_spellcheck-1.zip: 11%
2023-11-19T18:41:47.980Z [Modules] Streaming discord_spellcheck@1 to /home/alexe/.config/discord/0.0.35/modules/pending/discord_spellcheck-1.zip: 12%
2023-11-19T18:41:47.985Z [Modules] Streaming discord_spellcheck@1 to /home/alexe/.config/discord/0.0.35/modules/pending/discord_spellcheck-1.zip: 13%
2023-11-19T18:41:47.998Z [Modules] Streaming discord_spellcheck@1 to /home/alexe/.config/discord/0.0.35/modules/pending/discord_spellcheck-1.zip: 14%
2023-11-19T18:41:47.999Z [Modules] Streaming discord_spellcheck@1 to /home/alexe/.config/discord/0.0.35/modules/pending/discord_spellcheck-1.zip: 15%
2023-11-19T18:41:48.030Z [Modules] Streaming discord_spellcheck@1 to /home/alexe/.config/discord/0.0.35/modules/pending/discord_spellcheck-1.zip: 16%
2023-11-19T18:41:48.044Z [Modules] Streaming discord_spellcheck@1 to /home/alexe/.config/discord/0.0.35/modules/pending/discord_spellcheck-1.zip: 17%
2023-11-19T18:41:48.054Z [Modules] Streaming discord_spellcheck@1 to /home/alexe/.config/discord/0.0.35/modules/pending/discord_spellcheck-1.zip: 18%
2023-11-19T18:41:48.071Z [Modules] Streaming discord_spellcheck@1 to /home/alexe/.config/discord/0.0.35/modules/pending/discord_spellcheck-1.zip: 19%
2023-11-19T18:41:48.082Z [Modules] Streaming discord_spellcheck@1 to /home/alexe/.config/discord/0.0.35/modules/pending/discord_spellcheck-1.zip: 20%
2023-11-19T18:41:48.083Z [Modules] Streaming discord_spellcheck@1 to /home/alexe/.config/discord/0.0.35/modules/pending/discord_spellcheck-1.zip: 21%
2023-11-19T18:41:48.094Z [Modules] Streaming discord_spellcheck@1 to /home/alexe/.config/discord/0.0.35/modules/pending/discord_spellcheck-1.zip: 22%
2023-11-19T18:41:48.116Z [Modules] Streaming discord_spellcheck@1 to /home/alexe/.config/discord/0.0.35/modules/pending/discord_spellcheck-1.zip: 23%
2023-11-19T18:41:48.157Z [Modules] Streaming discord_spellcheck@1 to /home/alexe/.config/discord/0.0.35/modules/pending/discord_spellcheck-1.zip: 24%
2023-11-19T18:41:48.176Z [Modules] Streaming discord_spellcheck@1 to /home/alexe/.config/discord/0.0.35/modules/pending/discord_spellcheck-1.zip: 25%
2023-11-19T18:41:48.197Z [Modules] Streaming discord_spellcheck@1 to /home/alexe/.config/discord/0.0.35/modules/pending/discord_spellcheck-1.zip: 26%
2023-11-19T18:41:48.211Z [Modules] Streaming discord_spellcheck@1 to /home/alexe/.config/discord/0.0.35/modules/pending/discord_spellcheck-1.zip: 27%
2023-11-19T18:41:48.235Z [Modules] Streaming discord_spellcheck@1 to /home/alexe/.config/discord/0.0.35/modules/pending/discord_spellcheck-1.zip: 28%
2023-11-19T18:41:48.275Z [Modules] Streaming discord_spellcheck@1 to /home/alexe/.config/discord/0.0.35/modules/pending/discord_spellcheck-1.zip: 29%
2023-11-19T18:41:48.276Z [Modules] Streaming discord_spellcheck@1 to /home/alexe/.config/discord/0.0.35/modules/pending/discord_spellcheck-1.zip: 30%
2023-11-19T18:41:48.292Z [Modules] Streaming discord_spellcheck@1 to /home/alexe/.config/discord/0.0.35/modules/pending/discord_spellcheck-1.zip: 31%
2023-11-19T18:41:48.332Z [Modules] Streaming discord_spellcheck@1 to /home/alexe/.config/discord/0.0.35/modules/pending/discord_spellcheck-1.zip: 32%
2023-11-19T18:41:48.342Z [Modules] Streaming discord_spellcheck@1 to /home/alexe/.config/discord/0.0.35/modules/pending/discord_spellcheck-1.zip: 33%
2023-11-19T18:41:48.351Z [Modules] Streaming discord_spellcheck@1 to /home/alexe/.config/discord/0.0.35/modules/pending/discord_spellcheck-1.zip: 34%
2023-11-19T18:41:48.358Z [Modules] Streaming discord_spellcheck@1 to /home/alexe/.config/discord/0.0.35/modules/pending/discord_spellcheck-1.zip: 35%
2023-11-19T18:41:48.366Z [Modules] Streaming discord_spellcheck@1 to /home/alexe/.config/discord/0.0.35/modules/pending/discord_spellcheck-1.zip: 36%
2023-11-19T18:41:48.375Z [Modules] Streaming discord_spellcheck@1 to /home/alexe/.config/discord/0.0.35/modules/pending/discord_spellcheck-1.zip: 37%
2023-11-19T18:41:48.385Z [Modules] Streaming discord_spellcheck@1 to /home/alexe/.config/discord/0.0.35/modules/pending/discord_spellcheck-1.zip: 38%
2023-11-19T18:41:48.397Z [Modules] Streaming discord_spellcheck@1 to /home/alexe/.config/discord/0.0.35/modules/pending/discord_spellcheck-1.zip: 39%
2023-11-19T18:41:48.410Z [Modules] Streaming discord_spellcheck@1 to /home/alexe/.config/discord/0.0.35/modules/pending/discord_spellcheck-1.zip: 40%
2023-11-19T18:41:48.418Z [Modules] Streaming discord_spellcheck@1 to /home/alexe/.config/discord/0.0.35/modules/pending/discord_spellcheck-1.zip: 41%
2023-11-19T18:41:48.419Z [Modules] Streaming discord_spellcheck@1 to /home/alexe/.config/discord/0.0.35/modules/pending/discord_spellcheck-1.zip: 42%
2023-11-19T18:41:48.432Z [Modules] Streaming discord_spellcheck@1 to /home/alexe/.config/discord/0.0.35/modules/pending/discord_spellcheck-1.zip: 43%
2023-11-19T18:41:48.442Z [Modules] Streaming discord_spellcheck@1 to /home/alexe/.config/discord/0.0.35/modules/pending/discord_spellcheck-1.zip: 44%
2023-11-19T18:41:48.448Z [Modules] Streaming discord_spellcheck@1 to /home/alexe/.config/discord/0.0.35/modules/pending/discord_spellcheck-1.zip: 45%
2023-11-19T18:41:48.455Z [Modules] Streaming discord_spellcheck@1 to /home/alexe/.config/discord/0.0.35/modules/pending/discord_spellcheck-1.zip: 46%
2023-11-19T18:41:48.462Z [Modules] Streaming discord_spellcheck@1 to /home/alexe/.config/discord/0.0.35/modules/pending/discord_spellcheck-1.zip: 47%
2023-11-19T18:41:48.465Z [Modules] Streaming discord_spellcheck@1 to /home/alexe/.config/discord/0.0.35/modules/pending/discord_spellcheck-1.zip: 48%
2023-11-19T18:41:48.479Z [Modules] Streaming discord_spellcheck@1 to /home/alexe/.config/discord/0.0.35/modules/pending/discord_spellcheck-1.zip: 49%
2023-11-19T18:41:48.480Z [Modules] Streaming discord_spellcheck@1 to /home/alexe/.config/discord/0.0.35/modules/pending/discord_spellcheck-1.zip: 50%
2023-11-19T18:41:48.494Z [Modules] Streaming discord_spellcheck@1 to /home/alexe/.config/discord/0.0.35/modules/pending/discord_spellcheck-1.zip: 51%
2023-11-19T18:41:48.504Z [Modules] Streaming discord_spellcheck@1 to /home/alexe/.config/discord/0.0.35/modules/pending/discord_spellcheck-1.zip: 52%
2023-11-19T18:41:48.521Z [Modules] Streaming discord_spellcheck@1 to /home/alexe/.config/discord/0.0.35/modules/pending/discord_spellcheck-1.zip: 53%
2023-11-19T18:41:48.536Z [Modules] Streaming discord_spellcheck@1 to /home/alexe/.config/discord/0.0.35/modules/pending/discord_spellcheck-1.zip: 54%
2023-11-19T18:41:48.537Z [Modules] Streaming discord_spellcheck@1 to /home/alexe/.config/discord/0.0.35/modules/pending/discord_spellcheck-1.zip: 55%
2023-11-19T18:41:48.548Z [Modules] Streaming discord_spellcheck@1 to /home/alexe/.config/discord/0.0.35/modules/pending/discord_spellcheck-1.zip: 56%
2023-11-19T18:41:48.555Z [Modules] Streaming discord_spellcheck@1 to /home/alexe/.config/discord/0.0.35/modules/pending/discord_spellcheck-1.zip: 57%
2023-11-19T18:41:48.569Z [Modules] Streaming discord_spellcheck@1 to /home/alexe/.config/discord/0.0.35/modules/pending/discord_spellcheck-1.zip: 58%
2023-11-19T18:41:48.578Z [Modules] Streaming discord_spellcheck@1 to /home/alexe/.config/discord/0.0.35/modules/pending/discord_spellcheck-1.zip: 59%
2023-11-19T18:41:48.591Z [Modules] Streaming discord_spellcheck@1 to /home/alexe/.config/discord/0.0.35/modules/pending/discord_spellcheck-1.zip: 60%
2023-11-19T18:41:48.601Z [Modules] Streaming discord_spellcheck@1 to /home/alexe/.config/discord/0.0.35/modules/pending/discord_spellcheck-1.zip: 61%
2023-11-19T18:41:48.618Z [Modules] Streaming discord_spellcheck@1 to /home/alexe/.config/discord/0.0.35/modules/pending/discord_spellcheck-1.zip: 62%
2023-11-19T18:41:48.632Z [Modules] Streaming discord_spellcheck@1 to /home/alexe/.config/discord/0.0.35/modules/pending/discord_spellcheck-1.zip: 63%
2023-11-19T18:41:48.646Z [Modules] Streaming discord_spellcheck@1 to /home/alexe/.config/discord/0.0.35/modules/pending/discord_spellcheck-1.zip: 64%
2023-11-19T18:41:48.648Z [Modules] Streaming discord_spellcheck@1 to /home/alexe/.config/discord/0.0.35/modules/pending/discord_spellcheck-1.zip: 65%
2023-11-19T18:41:48.669Z [Modules] Streaming discord_spellcheck@1 to /home/alexe/.config/discord/0.0.35/modules/pending/discord_spellcheck-1.zip: 66%
2023-11-19T18:41:48.688Z [Modules] Streaming discord_spellcheck@1 to /home/alexe/.config/discord/0.0.35/modules/pending/discord_spellcheck-1.zip: 67%
2023-11-19T18:41:48.698Z [Modules] Streaming discord_spellcheck@1 to /home/alexe/.config/discord/0.0.35/modules/pending/discord_spellcheck-1.zip: 68%
2023-11-19T18:41:48.722Z [Modules] Streaming discord_spellcheck@1 to /home/alexe/.config/discord/0.0.35/modules/pending/discord_spellcheck-1.zip: 69%
2023-11-19T18:41:48.723Z [Modules] Streaming discord_spellcheck@1 to /home/alexe/.config/discord/0.0.35/modules/pending/discord_spellcheck-1.zip: 70%
2023-11-19T18:41:48.736Z [Modules] Streaming discord_spellcheck@1 to /home/alexe/.config/discord/0.0.35/modules/pending/discord_spellcheck-1.zip: 71%
2023-11-19T18:41:48.768Z [Modules] Streaming discord_spellcheck@1 to /home/alexe/.config/discord/0.0.35/modules/pending/discord_spellcheck-1.zip: 72%
2023-11-19T18:41:48.769Z [Modules] Streaming discord_spellcheck@1 to /home/alexe/.config/discord/0.0.35/modules/pending/discord_spellcheck-1.zip: 73%
2023-11-19T18:41:48.791Z [Modules] Streaming discord_spellcheck@1 to /home/alexe/.config/discord/0.0.35/modules/pending/discord_spellcheck-1.zip: 74%
2023-11-19T18:41:48.795Z [Modules] Streaming discord_spellcheck@1 to /home/alexe/.config/discord/0.0.35/modules/pending/discord_spellcheck-1.zip: 75%
2023-11-19T18:41:48.821Z [Modules] Streaming discord_spellcheck@1 to /home/alexe/.config/discord/0.0.35/modules/pending/discord_spellcheck-1.zip: 76%
2023-11-19T18:41:48.828Z [Modules] Streaming discord_spellcheck@1 to /home/alexe/.config/discord/0.0.35/modules/pending/discord_spellcheck-1.zip: 77%
2023-11-19T18:41:48.836Z [Modules] Streaming discord_spellcheck@1 to /home/alexe/.config/discord/0.0.35/modules/pending/discord_spellcheck-1.zip: 78%
2023-11-19T18:41:48.842Z [Modules] Streaming discord_spellcheck@1 to /home/alexe/.config/discord/0.0.35/modules/pending/discord_spellcheck-1.zip: 79%
2023-11-19T18:41:48.857Z [Modules] Streaming discord_spellcheck@1 to /home/alexe/.config/discord/0.0.35/modules/pending/discord_spellcheck-1.zip: 80%
2023-11-19T18:41:48.862Z [Modules] Streaming discord_spellcheck@1 to /home/alexe/.config/discord/0.0.35/modules/pending/discord_spellcheck-1.zip: 81%
2023-11-19T18:41:48.873Z [Modules] Streaming discord_spellcheck@1 to /home/alexe/.config/discord/0.0.35/modules/pending/discord_spellcheck-1.zip: 82%
2023-11-19T18:41:48.885Z [Modules] Streaming discord_spellcheck@1 to /home/alexe/.config/discord/0.0.35/modules/pending/discord_spellcheck-1.zip: 83%
2023-11-19T18:41:48.894Z [Modules] Streaming discord_spellcheck@1 to /home/alexe/.config/discord/0.0.35/modules/pending/discord_spellcheck-1.zip: 84%
2023-11-19T18:41:48.919Z [Modules] Streaming discord_spellcheck@1 to /home/alexe/.config/discord/0.0.35/modules/pending/discord_spellcheck-1.zip: 85%
2023-11-19T18:41:48.936Z [Modules] Streaming discord_spellcheck@1 to /home/alexe/.config/discord/0.0.35/modules/pending/discord_spellcheck-1.zip: 86%
2023-11-19T18:41:48.950Z [Modules] Streaming discord_spellcheck@1 to /home/alexe/.config/discord/0.0.35/modules/pending/discord_spellcheck-1.zip: 87%
2023-11-19T18:41:48.959Z [Modules] Streaming discord_spellcheck@1 to /home/alexe/.config/discord/0.0.35/modules/pending/discord_spellcheck-1.zip: 88%
2023-11-19T18:41:48.964Z [Modules] Streaming discord_spellcheck@1 to /home/alexe/.config/discord/0.0.35/modules/pending/discord_spellcheck-1.zip: 89%
2023-11-19T18:41:48.977Z [Modules] Streaming discord_spellcheck@1 to /home/alexe/.config/discord/0.0.35/modules/pending/discord_spellcheck-1.zip: 90%
2023-11-19T18:41:49.009Z [Modules] Streaming discord_spellcheck@1 to /home/alexe/.config/discord/0.0.35/modules/pending/discord_spellcheck-1.zip: 91%
2023-11-19T18:41:49.012Z [Modules] Streaming discord_spellcheck@1 to /home/alexe/.config/discord/0.0.35/modules/pending/discord_spellcheck-1.zip: 92%
2023-11-19T18:41:49.022Z [Modules] Streaming discord_spellcheck@1 to /home/alexe/.config/discord/0.0.35/modules/pending/discord_spellcheck-1.zip: 93%
2023-11-19T18:41:49.028Z [Modules] Streaming discord_spellcheck@1 to /home/alexe/.config/discord/0.0.35/modules/pending/discord_spellcheck-1.zip: 94%
2023-11-19T18:41:49.035Z [Modules] Streaming discord_spellcheck@1 to /home/alexe/.config/discord/0.0.35/modules/pending/discord_spellcheck-1.zip: 95%
2023-11-19T18:41:49.041Z [Modules] Streaming discord_spellcheck@1 to /home/alexe/.config/discord/0.0.35/modules/pending/discord_spellcheck-1.zip: 96%
2023-11-19T18:41:49.054Z [Modules] Streaming discord_spellcheck@1 to /home/alexe/.config/discord/0.0.35/modules/pending/discord_spellcheck-1.zip: 97%
2023-11-19T18:41:49.063Z [Modules] Streaming discord_spellcheck@1 to /home/alexe/.config/discord/0.0.35/modules/pending/discord_spellcheck-1.zip: 98%
2023-11-19T18:41:49.070Z [Modules] Streaming discord_spellcheck@1 to /home/alexe/.config/discord/0.0.35/modules/pending/discord_spellcheck-1.zip: 99%
2023-11-19T18:41:49.073Z [Modules] Streaming discord_spellcheck@1 to /home/alexe/.config/discord/0.0.35/modules/pending/discord_spellcheck-1.zip: 100%
2023-11-19T18:41:49.074Z [Modules] Fetching discord_utils@1 from https://discord.com/api/modules/stable/discord_utils/1
2023-11-19T18:41:49.074Z [Modules] Streaming discord_utils@1 to /home/alexe/.config/discord/0.0.35/modules/pending/discord_utils-1.zip
2023-11-19T18:41:49.280Z [Modules] Streaming discord_utils@1 to /home/alexe/.config/discord/0.0.35/modules/pending/discord_utils-1.zip: 2%
2023-11-19T18:41:49.284Z [Modules] Streaming discord_utils@1 to /home/alexe/.config/discord/0.0.35/modules/pending/discord_utils-1.zip: 4%
2023-11-19T18:41:49.291Z [Modules] Streaming discord_utils@1 to /home/alexe/.config/discord/0.0.35/modules/pending/discord_utils-1.zip: 6%
2023-11-19T18:41:49.291Z [Modules] Streaming discord_utils@1 to /home/alexe/.config/discord/0.0.35/modules/pending/discord_utils-1.zip: 7%
2023-11-19T18:41:49.297Z [Modules] Streaming discord_utils@1 to /home/alexe/.config/discord/0.0.35/modules/pending/discord_utils-1.zip: 9%
2023-11-19T18:41:49.303Z [Modules] Streaming discord_utils@1 to /home/alexe/.config/discord/0.0.35/modules/pending/discord_utils-1.zip: 11%
2023-11-19T18:41:49.304Z [Modules] Streaming discord_utils@1 to /home/alexe/.config/discord/0.0.35/modules/pending/discord_utils-1.zip: 12%
2023-11-19T18:41:49.309Z [Modules] Streaming discord_utils@1 to /home/alexe/.config/discord/0.0.35/modules/pending/discord_utils-1.zip: 14%
2023-11-19T18:41:49.316Z [Modules] Streaming discord_utils@1 to /home/alexe/.config/discord/0.0.35/modules/pending/discord_utils-1.zip: 16%
2023-11-19T18:41:49.317Z [Modules] Streaming discord_utils@1 to /home/alexe/.config/discord/0.0.35/modules/pending/discord_utils-1.zip: 17%
2023-11-19T18:41:49.323Z [Modules] Streaming discord_utils@1 to /home/alexe/.config/discord/0.0.35/modules/pending/discord_utils-1.zip: 19%
2023-11-19T18:41:49.329Z [Modules] Streaming discord_utils@1 to /home/alexe/.config/discord/0.0.35/modules/pending/discord_utils-1.zip: 21%
2023-11-19T18:41:49.329Z [Modules] Streaming discord_utils@1 to /home/alexe/.config/discord/0.0.35/modules/pending/discord_utils-1.zip: 22%
2023-11-19T18:41:49.336Z [Modules] Streaming discord_utils@1 to /home/alexe/.config/discord/0.0.35/modules/pending/discord_utils-1.zip: 24%
2023-11-19T18:41:49.336Z [Modules] Streaming discord_utils@1 to /home/alexe/.config/discord/0.0.35/modules/pending/discord_utils-1.zip: 25%
2023-11-19T18:41:49.339Z [Modules] Streaming discord_utils@1 to /home/alexe/.config/discord/0.0.35/modules/pending/discord_utils-1.zip: 26%
2023-11-19T18:41:49.344Z [Modules] Streaming discord_utils@1 to /home/alexe/.config/discord/0.0.35/modules/pending/discord_utils-1.zip: 28%
2023-11-19T18:41:49.353Z [Modules] Streaming discord_utils@1 to /home/alexe/.config/discord/0.0.35/modules/pending/discord_utils-1.zip: 30%
2023-11-19T18:41:49.353Z [Modules] Streaming discord_utils@1 to /home/alexe/.config/discord/0.0.35/modules/pending/discord_utils-1.zip: 31%
2023-11-19T18:41:49.360Z [Modules] Streaming discord_utils@1 to /home/alexe/.config/discord/0.0.35/modules/pending/discord_utils-1.zip: 33%
2023-11-19T18:41:49.362Z [Modules] Streaming discord_utils@1 to /home/alexe/.config/discord/0.0.35/modules/pending/discord_utils-1.zip: 34%
2023-11-19T18:41:49.366Z [Modules] Streaming discord_utils@1 to /home/alexe/.config/discord/0.0.35/modules/pending/discord_utils-1.zip: 36%
2023-11-19T18:41:49.373Z [Modules] Streaming discord_utils@1 to /home/alexe/.config/discord/0.0.35/modules/pending/discord_utils-1.zip: 38%
2023-11-19T18:41:49.374Z [Modules] Streaming discord_utils@1 to /home/alexe/.config/discord/0.0.35/modules/pending/discord_utils-1.zip: 39%
2023-11-19T18:41:49.379Z [Modules] Streaming discord_utils@1 to /home/alexe/.config/discord/0.0.35/modules/pending/discord_utils-1.zip: 41%
2023-11-19T18:41:49.385Z [Modules] Streaming discord_utils@1 to /home/alexe/.config/discord/0.0.35/modules/pending/discord_utils-1.zip: 43%
2023-11-19T18:41:49.386Z [Modules] Streaming discord_utils@1 to /home/alexe/.config/discord/0.0.35/modules/pending/discord_utils-1.zip: 44%
2023-11-19T18:41:49.394Z [Modules] Streaming discord_utils@1 to /home/alexe/.config/discord/0.0.35/modules/pending/discord_utils-1.zip: 46%
2023-11-19T18:41:49.395Z [Modules] Streaming discord_utils@1 to /home/alexe/.config/discord/0.0.35/modules/pending/discord_utils-1.zip: 47%
2023-11-19T18:41:49.400Z [Modules] Streaming discord_utils@1 to /home/alexe/.config/discord/0.0.35/modules/pending/discord_utils-1.zip: 49%
2023-11-19T18:41:49.402Z [Modules] Streaming discord_utils@1 to /home/alexe/.config/discord/0.0.35/modules/pending/discord_utils-1.zip: 50%
2023-11-19T18:41:49.406Z [Modules] Streaming discord_utils@1 to /home/alexe/.config/discord/0.0.35/modules/pending/discord_utils-1.zip: 52%
2023-11-19T18:41:49.412Z [Modules] Streaming discord_utils@1 to /home/alexe/.config/discord/0.0.35/modules/pending/discord_utils-1.zip: 54%
2023-11-19T18:41:49.413Z [Modules] Streaming discord_utils@1 to /home/alexe/.config/discord/0.0.35/modules/pending/discord_utils-1.zip: 55%
2023-11-19T18:41:49.418Z [Modules] Streaming discord_utils@1 to /home/alexe/.config/discord/0.0.35/modules/pending/discord_utils-1.zip: 57%
2023-11-19T18:41:49.425Z [Modules] Streaming discord_utils@1 to /home/alexe/.config/discord/0.0.35/modules/pending/discord_utils-1.zip: 59%
2023-11-19T18:41:49.431Z [Modules] Streaming discord_utils@1 to /home/alexe/.config/discord/0.0.35/modules/pending/discord_utils-1.zip: 61%
2023-11-19T18:41:49.438Z [Modules] Streaming discord_utils@1 to /home/alexe/.config/discord/0.0.35/modules/pending/discord_utils-1.zip: 62%
2023-11-19T18:41:49.443Z [Modules] Streaming discord_utils@1 to /home/alexe/.config/discord/0.0.35/modules/pending/discord_utils-1.zip: 64%
2023-11-19T18:41:49.444Z [Modules] Streaming discord_utils@1 to /home/alexe/.config/discord/0.0.35/modules/pending/discord_utils-1.zip: 65%
2023-11-19T18:41:49.462Z [Modules] Streaming discord_utils@1 to /home/alexe/.config/discord/0.0.35/modules/pending/discord_utils-1.zip: 68%
2023-11-19T18:41:49.468Z [Modules] Streaming discord_utils@1 to /home/alexe/.config/discord/0.0.35/modules/pending/discord_utils-1.zip: 70%
2023-11-19T18:41:49.469Z [Modules] Streaming discord_utils@1 to /home/alexe/.config/discord/0.0.35/modules/pending/discord_utils-1.zip: 71%
2023-11-19T18:41:49.475Z [Modules] Streaming discord_utils@1 to /home/alexe/.config/discord/0.0.35/modules/pending/discord_utils-1.zip: 73%
2023-11-19T18:41:49.490Z [Modules] Streaming discord_utils@1 to /home/alexe/.config/discord/0.0.35/modules/pending/discord_utils-1.zip: 75%
2023-11-19T18:41:49.491Z [Modules] Streaming discord_utils@1 to /home/alexe/.config/discord/0.0.35/modules/pending/discord_utils-1.zip: 76%
2023-11-19T18:41:49.498Z [Modules] Streaming discord_utils@1 to /home/alexe/.config/discord/0.0.35/modules/pending/discord_utils-1.zip: 78%
2023-11-19T18:41:49.499Z [Modules] Streaming discord_utils@1 to /home/alexe/.config/discord/0.0.35/modules/pending/discord_utils-1.zip: 79%
2023-11-19T18:41:49.504Z [Modules] Streaming discord_utils@1 to /home/alexe/.config/discord/0.0.35/modules/pending/discord_utils-1.zip: 81%
2023-11-19T18:41:49.510Z [Modules] Streaming discord_utils@1 to /home/alexe/.config/discord/0.0.35/modules/pending/discord_utils-1.zip: 83%
2023-11-19T18:41:49.511Z [Modules] Streaming discord_utils@1 to /home/alexe/.config/discord/0.0.35/modules/pending/discord_utils-1.zip: 84%
2023-11-19T18:41:49.518Z [Modules] Streaming discord_utils@1 to /home/alexe/.config/discord/0.0.35/modules/pending/discord_utils-1.zip: 86%
2023-11-19T18:41:49.525Z [Modules] Streaming discord_utils@1 to /home/alexe/.config/discord/0.0.35/modules/pending/discord_utils-1.zip: 88%
2023-11-19T18:41:49.525Z [Modules] Streaming discord_utils@1 to /home/alexe/.config/discord/0.0.35/modules/pending/discord_utils-1.zip: 89%
2023-11-19T18:41:49.531Z [Modules] Streaming discord_utils@1 to /home/alexe/.config/discord/0.0.35/modules/pending/discord_utils-1.zip: 91%
2023-11-19T18:41:49.532Z [Modules] Streaming discord_utils@1 to /home/alexe/.config/discord/0.0.35/modules/pending/discord_utils-1.zip: 92%
2023-11-19T18:41:49.538Z [Modules] Streaming discord_utils@1 to /home/alexe/.config/discord/0.0.35/modules/pending/discord_utils-1.zip: 94%
2023-11-19T18:41:49.544Z [Modules] Streaming discord_utils@1 to /home/alexe/.config/discord/0.0.35/modules/pending/discord_utils-1.zip: 96%
2023-11-19T18:41:49.545Z [Modules] Streaming discord_utils@1 to /home/alexe/.config/discord/0.0.35/modules/pending/discord_utils-1.zip: 97%
2023-11-19T18:41:49.550Z [Modules] Streaming discord_utils@1 to /home/alexe/.config/discord/0.0.35/modules/pending/discord_utils-1.zip: 99%
2023-11-19T18:41:49.551Z [Modules] Streaming discord_utils@1 to /home/alexe/.config/discord/0.0.35/modules/pending/discord_utils-1.zip: 100%
2023-11-19T18:41:49.559Z [Modules] Fetching discord_voice@1 from https://discord.com/api/modules/stable/discord_voice/1
2023-11-19T18:41:49.559Z [Modules] Streaming discord_voice@1 to /home/alexe/.config/discord/0.0.35/modules/pending/discord_voice-1.zip
2023-11-19T18:41:49.797Z [Modules] Streaming discord_voice@1 to /home/alexe/.config/discord/0.0.35/modules/pending/discord_voice-1.zip: 1%
2023-11-19T18:41:49.817Z [Modules] Streaming discord_voice@1 to /home/alexe/.config/discord/0.0.35/modules/pending/discord_voice-1.zip: 2%
2023-11-19T18:41:49.830Z [Modules] Streaming discord_voice@1 to /home/alexe/.config/discord/0.0.35/modules/pending/discord_voice-1.zip: 3%
2023-11-19T18:41:49.851Z [Modules] Streaming discord_voice@1 to /home/alexe/.config/discord/0.0.35/modules/pending/discord_voice-1.zip: 4%
2023-11-19T18:41:49.877Z [Modules] Streaming discord_voice@1 to /home/alexe/.config/discord/0.0.35/modules/pending/discord_voice-1.zip: 5%
2023-11-19T18:41:49.893Z [Modules] Streaming discord_voice@1 to /home/alexe/.config/discord/0.0.35/modules/pending/discord_voice-1.zip: 6%
2023-11-19T18:41:49.913Z [Modules] Streaming discord_voice@1 to /home/alexe/.config/discord/0.0.35/modules/pending/discord_voice-1.zip: 7%
2023-11-19T18:41:49.934Z [Modules] Streaming discord_voice@1 to /home/alexe/.config/discord/0.0.35/modules/pending/discord_voice-1.zip: 8%
2023-11-19T18:41:49.947Z [Modules] Streaming discord_voice@1 to /home/alexe/.config/discord/0.0.35/modules/pending/discord_voice-1.zip: 9%
2023-11-19T18:41:49.969Z [Modules] Streaming discord_voice@1 to /home/alexe/.config/discord/0.0.35/modules/pending/discord_voice-1.zip: 10%
2023-11-19T18:41:49.982Z [Modules] Streaming discord_voice@1 to /home/alexe/.config/discord/0.0.35/modules/pending/discord_voice-1.zip: 11%
2023-11-19T18:41:50.009Z [Modules] Streaming discord_voice@1 to /home/alexe/.config/discord/0.0.35/modules/pending/discord_voice-1.zip: 12%
2023-11-19T18:41:50.025Z [Modules] Streaming discord_voice@1 to /home/alexe/.config/discord/0.0.35/modules/pending/discord_voice-1.zip: 13%
2023-11-19T18:41:50.044Z [Modules] Streaming discord_voice@1 to /home/alexe/.config/discord/0.0.35/modules/pending/discord_voice-1.zip: 14%
2023-11-19T18:41:50.074Z [Modules] Streaming discord_voice@1 to /home/alexe/.config/discord/0.0.35/modules/pending/discord_voice-1.zip: 15%
2023-11-19T18:41:50.086Z [Modules] Streaming discord_voice@1 to /home/alexe/.config/discord/0.0.35/modules/pending/discord_voice-1.zip: 16%
2023-11-19T18:41:50.096Z [Modules] Streaming discord_voice@1 to /home/alexe/.config/discord/0.0.35/modules/pending/discord_voice-1.zip: 17%
2023-11-19T18:41:50.121Z [Modules] Streaming discord_voice@1 to /home/alexe/.config/discord/0.0.35/modules/pending/discord_voice-1.zip: 18%
2023-11-19T18:41:50.143Z [Modules] Streaming discord_voice@1 to /home/alexe/.config/discord/0.0.35/modules/pending/discord_voice-1.zip: 19%
2023-11-19T18:41:50.150Z [Modules] Streaming discord_voice@1 to /home/alexe/.config/discord/0.0.35/modules/pending/discord_voice-1.zip: 20%
2023-11-19T18:41:50.164Z [Modules] Streaming discord_voice@1 to /home/alexe/.config/discord/0.0.35/modules/pending/discord_voice-1.zip: 21%
2023-11-19T18:41:50.176Z [Modules] Streaming discord_voice@1 to /home/alexe/.config/discord/0.0.35/modules/pending/discord_voice-1.zip: 22%
2023-11-19T18:41:50.200Z [Modules] Streaming discord_voice@1 to /home/alexe/.config/discord/0.0.35/modules/pending/discord_voice-1.zip: 23%
2023-11-19T18:41:50.208Z [Modules] Streaming discord_voice@1 to /home/alexe/.config/discord/0.0.35/modules/pending/discord_voice-1.zip: 24%
2023-11-19T18:41:50.219Z [Modules] Streaming discord_voice@1 to /home/alexe/.config/discord/0.0.35/modules/pending/discord_voice-1.zip: 25%
2023-11-19T18:41:50.234Z [Modules] Streaming discord_voice@1 to /home/alexe/.config/discord/0.0.35/modules/pending/discord_voice-1.zip: 26%
2023-11-19T18:41:50.255Z [Modules] Streaming discord_voice@1 to /home/alexe/.config/discord/0.0.35/modules/pending/discord_voice-1.zip: 27%
2023-11-19T18:41:50.283Z [Modules] Streaming discord_voice@1 to /home/alexe/.config/discord/0.0.35/modules/pending/discord_voice-1.zip: 28%
2023-11-19T18:41:50.300Z [Modules] Streaming discord_voice@1 to /home/alexe/.config/discord/0.0.35/modules/pending/discord_voice-1.zip: 29%
2023-11-19T18:41:50.320Z [Modules] Streaming discord_voice@1 to /home/alexe/.config/discord/0.0.35/modules/pending/discord_voice-1.zip: 30%
2023-11-19T18:41:50.344Z [Modules] Streaming discord_voice@1 to /home/alexe/.config/discord/0.0.35/modules/pending/discord_voice-1.zip: 31%
2023-11-19T18:41:50.369Z [Modules] Streaming discord_voice@1 to /home/alexe/.config/discord/0.0.35/modules/pending/discord_voice-1.zip: 32%
2023-11-19T18:41:50.406Z [Modules] Streaming discord_voice@1 to /home/alexe/.config/discord/0.0.35/modules/pending/discord_voice-1.zip: 33%
2023-11-19T18:41:50.416Z [Modules] Streaming discord_voice@1 to /home/alexe/.config/discord/0.0.35/modules/pending/discord_voice-1.zip: 34%
2023-11-19T18:41:50.429Z [Modules] Streaming discord_voice@1 to /home/alexe/.config/discord/0.0.35/modules/pending/discord_voice-1.zip: 35%
2023-11-19T18:41:50.442Z [Modules] Streaming discord_voice@1 to /home/alexe/.config/discord/0.0.35/modules/pending/discord_voice-1.zip: 36%
2023-11-19T18:41:50.470Z [Modules] Streaming discord_voice@1 to /home/alexe/.config/discord/0.0.35/modules/pending/discord_voice-1.zip: 37%
2023-11-19T18:41:50.485Z [Modules] Streaming discord_voice@1 to /home/alexe/.config/discord/0.0.35/modules/pending/discord_voice-1.zip: 38%
2023-11-19T18:41:50.497Z [Modules] Streaming discord_voice@1 to /home/alexe/.config/discord/0.0.35/modules/pending/discord_voice-1.zip: 39%
2023-11-19T18:41:50.510Z [Modules] Streaming discord_voice@1 to /home/alexe/.config/discord/0.0.35/modules/pending/discord_voice-1.zip: 40%
2023-11-19T18:41:50.528Z [Modules] Streaming discord_voice@1 to /home/alexe/.config/discord/0.0.35/modules/pending/discord_voice-1.zip: 41%
2023-11-19T18:41:50.534Z [Modules] Streaming discord_voice@1 to /home/alexe/.config/discord/0.0.35/modules/pending/discord_voice-1.zip: 42%
2023-11-19T18:41:50.546Z [Modules] Streaming discord_voice@1 to /home/alexe/.config/discord/0.0.35/modules/pending/discord_voice-1.zip: 43%
2023-11-19T18:41:50.562Z [Modules] Streaming discord_voice@1 to /home/alexe/.config/discord/0.0.35/modules/pending/discord_voice-1.zip: 44%
2023-11-19T18:41:50.575Z [Modules] Streaming discord_voice@1 to /home/alexe/.config/discord/0.0.35/modules/pending/discord_voice-1.zip: 45%
2023-11-19T18:41:50.599Z [Modules] Streaming discord_voice@1 to /home/alexe/.config/discord/0.0.35/modules/pending/discord_voice-1.zip: 46%
2023-11-19T18:41:50.624Z [Modules] Streaming discord_voice@1 to /home/alexe/.config/discord/0.0.35/modules/pending/discord_voice-1.zip: 47%
2023-11-19T18:41:50.635Z [Modules] Streaming discord_voice@1 to /home/alexe/.config/discord/0.0.35/modules/pending/discord_voice-1.zip: 48%
2023-11-19T18:41:50.646Z [Modules] Streaming discord_voice@1 to /home/alexe/.config/discord/0.0.35/modules/pending/discord_voice-1.zip: 49%
2023-11-19T18:41:50.660Z [Modules] Streaming discord_voice@1 to /home/alexe/.config/discord/0.0.35/modules/pending/discord_voice-1.zip: 50%
2023-11-19T18:41:50.673Z [Modules] Streaming discord_voice@1 to /home/alexe/.config/discord/0.0.35/modules/pending/discord_voice-1.zip: 51%
2023-11-19T18:41:50.693Z [Modules] Streaming discord_voice@1 to /home/alexe/.config/discord/0.0.35/modules/pending/discord_voice-1.zip: 52%
2023-11-19T18:41:50.699Z [Modules] Streaming discord_voice@1 to /home/alexe/.config/discord/0.0.35/modules/pending/discord_voice-1.zip: 53%
2023-11-19T18:41:50.719Z [Modules] Streaming discord_voice@1 to /home/alexe/.config/discord/0.0.35/modules/pending/discord_voice-1.zip: 54%
2023-11-19T18:41:50.730Z [Modules] Streaming discord_voice@1 to /home/alexe/.config/discord/0.0.35/modules/pending/discord_voice-1.zip: 55%
2023-11-19T18:41:50.741Z [Modules] Streaming discord_voice@1 to /home/alexe/.config/discord/0.0.35/modules/pending/discord_voice-1.zip: 56%
2023-11-19T18:41:50.754Z [Modules] Streaming discord_voice@1 to /home/alexe/.config/discord/0.0.35/modules/pending/discord_voice-1.zip: 57%
2023-11-19T18:41:50.777Z [Modules] Streaming discord_voice@1 to /home/alexe/.config/discord/0.0.35/modules/pending/discord_voice-1.zip: 58%
2023-11-19T18:41:50.789Z [Modules] Streaming discord_voice@1 to /home/alexe/.config/discord/0.0.35/modules/pending/discord_voice-1.zip: 59%
2023-11-19T18:41:50.799Z [Modules] Streaming discord_voice@1 to /home/alexe/.config/discord/0.0.35/modules/pending/discord_voice-1.zip: 60%
2023-11-19T18:41:50.816Z [Modules] Streaming discord_voice@1 to /home/alexe/.config/discord/0.0.35/modules/pending/discord_voice-1.zip: 61%
2023-11-19T18:41:50.839Z [Modules] Streaming discord_voice@1 to /home/alexe/.config/discord/0.0.35/modules/pending/discord_voice-1.zip: 62%
2023-11-19T18:41:50.854Z [Modules] Streaming discord_voice@1 to /home/alexe/.config/discord/0.0.35/modules/pending/discord_voice-1.zip: 63%
2023-11-19T18:41:50.872Z [Modules] Streaming discord_voice@1 to /home/alexe/.config/discord/0.0.35/modules/pending/discord_voice-1.zip: 64%
2023-11-19T18:41:50.895Z [Modules] Streaming discord_voice@1 to /home/alexe/.config/discord/0.0.35/modules/pending/discord_voice-1.zip: 65%
2023-11-19T18:41:50.911Z [Modules] Streaming discord_voice@1 to /home/alexe/.config/discord/0.0.35/modules/pending/discord_voice-1.zip: 66%
2023-11-19T18:41:50.917Z [Modules] Streaming discord_voice@1 to /home/alexe/.config/discord/0.0.35/modules/pending/discord_voice-1.zip: 67%
2023-11-19T18:41:50.928Z [Modules] Streaming discord_voice@1 to /home/alexe/.config/discord/0.0.35/modules/pending/discord_voice-1.zip: 68%
2023-11-19T18:41:50.943Z [Modules] Streaming discord_voice@1 to /home/alexe/.config/discord/0.0.35/modules/pending/discord_voice-1.zip: 69%
2023-11-19T18:41:50.961Z [Modules] Streaming discord_voice@1 to /home/alexe/.config/discord/0.0.35/modules/pending/discord_voice-1.zip: 70%
2023-11-19T18:41:50.974Z [Modules] Streaming discord_voice@1 to /home/alexe/.config/discord/0.0.35/modules/pending/discord_voice-1.zip: 71%
2023-11-19T18:41:50.991Z [Modules] Streaming discord_voice@1 to /home/alexe/.config/discord/0.0.35/modules/pending/discord_voice-1.zip: 72%
2023-11-19T18:41:51.011Z [Modules] Streaming discord_voice@1 to /home/alexe/.config/discord/0.0.35/modules/pending/discord_voice-1.zip: 73%
2023-11-19T18:41:51.022Z [Modules] Streaming discord_voice@1 to /home/alexe/.config/discord/0.0.35/modules/pending/discord_voice-1.zip: 74%
2023-11-19T18:41:51.034Z [Modules] Streaming discord_voice@1 to /home/alexe/.config/discord/0.0.35/modules/pending/discord_voice-1.zip: 75%
2023-11-19T18:41:51.057Z [Modules] Streaming discord_voice@1 to /home/alexe/.config/discord/0.0.35/modules/pending/discord_voice-1.zip: 76%
2023-11-19T18:41:51.098Z [Modules] Streaming discord_voice@1 to /home/alexe/.config/discord/0.0.35/modules/pending/discord_voice-1.zip: 77%
2023-11-19T18:41:51.111Z [Modules] Streaming discord_voice@1 to /home/alexe/.config/discord/0.0.35/modules/pending/discord_voice-1.zip: 78%
2023-11-19T18:41:51.133Z [Modules] Streaming discord_voice@1 to /home/alexe/.config/discord/0.0.35/modules/pending/discord_voice-1.zip: 79%
2023-11-19T18:41:51.158Z [Modules] Streaming discord_voice@1 to /home/alexe/.config/discord/0.0.35/modules/pending/discord_voice-1.zip: 80%
2023-11-19T18:41:51.177Z [Modules] Streaming discord_voice@1 to /home/alexe/.config/discord/0.0.35/modules/pending/discord_voice-1.zip: 81%
2023-11-19T18:41:51.190Z [Modules] Streaming discord_voice@1 to /home/alexe/.config/discord/0.0.35/modules/pending/discord_voice-1.zip: 82%
2023-11-19T18:41:51.210Z [Modules] Streaming discord_voice@1 to /home/alexe/.config/discord/0.0.35/modules/pending/discord_voice-1.zip: 83%
2023-11-19T18:41:51.232Z [Modules] Streaming discord_voice@1 to /home/alexe/.config/discord/0.0.35/modules/pending/discord_voice-1.zip: 84%
2023-11-19T18:41:51.250Z [Modules] Streaming discord_voice@1 to /home/alexe/.config/discord/0.0.35/modules/pending/discord_voice-1.zip: 85%
2023-11-19T18:41:51.265Z [Modules] Streaming discord_voice@1 to /home/alexe/.config/discord/0.0.35/modules/pending/discord_voice-1.zip: 86%
2023-11-19T18:41:51.279Z [Modules] Streaming discord_voice@1 to /home/alexe/.config/discord/0.0.35/modules/pending/discord_voice-1.zip: 87%
2023-11-19T18:41:51.293Z [Modules] Streaming discord_voice@1 to /home/alexe/.config/discord/0.0.35/modules/pending/discord_voice-1.zip: 88%
2023-11-19T18:41:51.312Z [Modules] Streaming discord_voice@1 to /home/alexe/.config/discord/0.0.35/modules/pending/discord_voice-1.zip: 89%
2023-11-19T18:41:51.323Z [Modules] Streaming discord_voice@1 to /home/alexe/.config/discord/0.0.35/modules/pending/discord_voice-1.zip: 90%
2023-11-19T18:41:51.339Z [Modules] Streaming discord_voice@1 to /home/alexe/.config/discord/0.0.35/modules/pending/discord_voice-1.zip: 91%
2023-11-19T18:41:51.349Z [Modules] Streaming discord_voice@1 to /home/alexe/.config/discord/0.0.35/modules/pending/discord_voice-1.zip: 92%
2023-11-19T18:41:51.362Z [Modules] Streaming discord_voice@1 to /home/alexe/.config/discord/0.0.35/modules/pending/discord_voice-1.zip: 93%
2023-11-19T18:41:51.381Z [Modules] Streaming discord_voice@1 to /home/alexe/.config/discord/0.0.35/modules/pending/discord_voice-1.zip: 94%
2023-11-19T18:41:51.390Z [Modules] Streaming discord_voice@1 to /home/alexe/.config/discord/0.0.35/modules/pending/discord_voice-1.zip: 95%
2023-11-19T18:41:51.422Z [Modules] Streaming discord_voice@1 to /home/alexe/.config/discord/0.0.35/modules/pending/discord_voice-1.zip: 96%
2023-11-19T18:41:51.431Z [Modules] Streaming discord_voice@1 to /home/alexe/.config/discord/0.0.35/modules/pending/discord_voice-1.zip: 97%
2023-11-19T18:41:51.441Z [Modules] Streaming discord_voice@1 to /home/alexe/.config/discord/0.0.35/modules/pending/discord_voice-1.zip: 98%
2023-11-19T18:41:51.462Z [Modules] Streaming discord_voice@1 to /home/alexe/.config/discord/0.0.35/modules/pending/discord_voice-1.zip: 99%
2023-11-19T18:41:51.475Z [Modules] Streaming discord_voice@1 to /home/alexe/.config/discord/0.0.35/modules/pending/discord_voice-1.zip: 100%
2023-11-19T18:41:51.476Z [Modules] Finished module downloads. [success: 5] [failure: 0]
2023-11-19T18:41:51.477Z [Modules] Installing updates...
2023-11-19T18:41:51.477Z [Modules] Installing discord_desktop_core@1 from /home/alexe/.config/discord/0.0.35/modules/pending/discord_desktop_core-1.zip
2023-11-19T18:41:51.542Z [Modules] Installing discord_erlpack@1 from /home/alexe/.config/discord/0.0.35/modules/pending/discord_erlpack-1.zip
2023-11-19T18:41:51.589Z [Modules] Installing discord_spellcheck@1 from /home/alexe/.config/discord/0.0.35/modules/pending/discord_spellcheck-1.zip
2023-11-19T18:41:52.129Z [Modules] Installing discord_utils@1 from /home/alexe/.config/discord/0.0.35/modules/pending/discord_utils-1.zip
2023-11-19T18:41:52.291Z [Modules] Installing discord_voice@1 from /home/alexe/.config/discord/0.0.35/modules/pending/discord_voice-1.zip
2023-11-19T18:41:52.813Z [Modules] Finished module installations. [success: 5] [failure: 0]
2023-11-19T18:41:52.813Z [Modules] Checking for host updates.
2023-11-19T18:41:52.971Z [Modules] Host is up to date.
2023-11-19T18:41:52.971Z [Modules] Checking for module updates at https://discord.com/api/modules/stable/versions.json
2023-11-19T18:41:52.973Z [Modules] No module updates available.
2023-11-19T18:41:54.432Z [Modules] Starting to install discord_krisp...
2023-11-19T18:41:54.432Z [Modules] Fetching discord_krisp@1 from https://discord.com/api/modules/stable/discord_krisp/1
2023-11-19T18:41:54.432Z [Modules] Streaming discord_krisp@1 to /home/alexe/.config/discord/0.0.35/modules/pending/discord_krisp-1.zip
2023-11-19T18:41:54.475Z [Modules] Starting to install discord_game_utils...
2023-11-19T18:41:54.645Z [Modules] Streaming discord_krisp@1 to /home/alexe/.config/discord/0.0.35/modules/pending/discord_krisp-1.zip: 1%
2023-11-19T18:41:54.659Z [Modules] Streaming discord_krisp@1 to /home/alexe/.config/discord/0.0.35/modules/pending/discord_krisp-1.zip: 2%
2023-11-19T18:41:54.677Z [Modules] Streaming discord_krisp@1 to /home/alexe/.config/discord/0.0.35/modules/pending/discord_krisp-1.zip: 3%
2023-11-19T18:41:54.693Z [Modules] Streaming discord_krisp@1 to /home/alexe/.config/discord/0.0.35/modules/pending/discord_krisp-1.zip: 4%
2023-11-19T18:41:54.711Z [Modules] Streaming discord_krisp@1 to /home/alexe/.config/discord/0.0.35/modules/pending/discord_krisp-1.zip: 5%
2023-11-19T18:41:54.726Z [Modules] Streaming discord_krisp@1 to /home/alexe/.config/discord/0.0.35/modules/pending/discord_krisp-1.zip: 6%
2023-11-19T18:41:54.754Z [Modules] Streaming discord_krisp@1 to /home/alexe/.config/discord/0.0.35/modules/pending/discord_krisp-1.zip: 7%
2023-11-19T18:41:54.762Z [Modules] Streaming discord_krisp@1 to /home/alexe/.config/discord/0.0.35/modules/pending/discord_krisp-1.zip: 8%
2023-11-19T18:41:54.779Z [Modules] Streaming discord_krisp@1 to /home/alexe/.config/discord/0.0.35/modules/pending/discord_krisp-1.zip: 9%
2023-11-19T18:41:54.806Z [Modules] Streaming discord_krisp@1 to /home/alexe/.config/discord/0.0.35/modules/pending/discord_krisp-1.zip: 10%
2023-11-19T18:41:54.824Z [Modules] Streaming discord_krisp@1 to /home/alexe/.config/discord/0.0.35/modules/pending/discord_krisp-1.zip: 11%
2023-11-19T18:41:54.986Z [Modules] Streaming discord_krisp@1 to /home/alexe/.config/discord/0.0.35/modules/pending/discord_krisp-1.zip: 12%
2023-11-19T18:41:55.001Z [Modules] Streaming discord_krisp@1 to /home/alexe/.config/discord/0.0.35/modules/pending/discord_krisp-1.zip: 13%
2023-11-19T18:41:55.002Z [Modules] Streaming discord_krisp@1 to /home/alexe/.config/discord/0.0.35/modules/pending/discord_krisp-1.zip: 14%
2023-11-19T18:41:55.040Z [Modules] Streaming discord_krisp@1 to /home/alexe/.config/discord/0.0.35/modules/pending/discord_krisp-1.zip: 15%
2023-11-19T18:41:55.043Z [Modules] Streaming discord_krisp@1 to /home/alexe/.config/discord/0.0.35/modules/pending/discord_krisp-1.zip: 16%
2023-11-19T18:41:55.043Z [Modules] Streaming discord_krisp@1 to /home/alexe/.config/discord/0.0.35/modules/pending/discord_krisp-1.zip: 17%
2023-11-19T18:41:55.050Z [Modules] Streaming discord_krisp@1 to /home/alexe/.config/discord/0.0.35/modules/pending/discord_krisp-1.zip: 18%
2023-11-19T18:41:55.077Z [Modules] Streaming discord_krisp@1 to /home/alexe/.config/discord/0.0.35/modules/pending/discord_krisp-1.zip: 19%
2023-11-19T18:41:55.095Z [Modules] Streaming discord_krisp@1 to /home/alexe/.config/discord/0.0.35/modules/pending/discord_krisp-1.zip: 20%
2023-11-19T18:41:55.115Z [Modules] Streaming discord_krisp@1 to /home/alexe/.config/discord/0.0.35/modules/pending/discord_krisp-1.zip: 21%
2023-11-19T18:41:55.151Z [Modules] Streaming discord_krisp@1 to /home/alexe/.config/discord/0.0.35/modules/pending/discord_krisp-1.zip: 22%
2023-11-19T18:41:55.234Z [Modules] Streaming discord_krisp@1 to /home/alexe/.config/discord/0.0.35/modules/pending/discord_krisp-1.zip: 23%
2023-11-19T18:41:55.239Z [Modules] Streaming discord_krisp@1 to /home/alexe/.config/discord/0.0.35/modules/pending/discord_krisp-1.zip: 24%
2023-11-19T18:41:55.244Z [Modules] Streaming discord_krisp@1 to /home/alexe/.config/discord/0.0.35/modules/pending/discord_krisp-1.zip: 25%
2023-11-19T18:41:55.245Z [Modules] Streaming discord_krisp@1 to /home/alexe/.config/discord/0.0.35/modules/pending/discord_krisp-1.zip: 26%
2023-11-19T18:41:55.251Z [Modules] Streaming discord_krisp@1 to /home/alexe/.config/discord/0.0.35/modules/pending/discord_krisp-1.zip: 27%
2023-11-19T18:41:55.264Z [Modules] Streaming discord_krisp@1 to /home/alexe/.config/discord/0.0.35/modules/pending/discord_krisp-1.zip: 28%
2023-11-19T18:41:55.275Z [Modules] Streaming discord_krisp@1 to /home/alexe/.config/discord/0.0.35/modules/pending/discord_krisp-1.zip: 29%
2023-11-19T18:41:55.293Z [Modules] Streaming discord_krisp@1 to /home/alexe/.config/discord/0.0.35/modules/pending/discord_krisp-1.zip: 30%
2023-11-19T18:41:55.317Z [Modules] Streaming discord_krisp@1 to /home/alexe/.config/discord/0.0.35/modules/pending/discord_krisp-1.zip: 31%
2023-11-19T18:41:55.335Z [Modules] Streaming discord_krisp@1 to /home/alexe/.config/discord/0.0.35/modules/pending/discord_krisp-1.zip: 32%
2023-11-19T18:41:55.351Z [Modules] Streaming discord_krisp@1 to /home/alexe/.config/discord/0.0.35/modules/pending/discord_krisp-1.zip: 33%
2023-11-19T18:41:55.366Z [Modules] Streaming discord_krisp@1 to /home/alexe/.config/discord/0.0.35/modules/pending/discord_krisp-1.zip: 34%
2023-11-19T18:41:55.419Z [Modules] Streaming discord_krisp@1 to /home/alexe/.config/discord/0.0.35/modules/pending/discord_krisp-1.zip: 35%
2023-11-19T18:41:55.419Z [Modules] Streaming discord_krisp@1 to /home/alexe/.config/discord/0.0.35/modules/pending/discord_krisp-1.zip: 36%
2023-11-19T18:41:55.430Z [Modules] Streaming discord_krisp@1 to /home/alexe/.config/discord/0.0.35/modules/pending/discord_krisp-1.zip: 37%
2023-11-19T18:41:55.443Z [Modules] Streaming discord_krisp@1 to /home/alexe/.config/discord/0.0.35/modules/pending/discord_krisp-1.zip: 38%
2023-11-19T18:41:55.460Z [Modules] Streaming discord_krisp@1 to /home/alexe/.config/discord/0.0.35/modules/pending/discord_krisp-1.zip: 39%
2023-11-19T18:41:55.479Z [Modules] Streaming discord_krisp@1 to /home/alexe/.config/discord/0.0.35/modules/pending/discord_krisp-1.zip: 40%
2023-11-19T18:41:55.514Z [Modules] Streaming discord_krisp@1 to /home/alexe/.config/discord/0.0.35/modules/pending/discord_krisp-1.zip: 41%
2023-11-19T18:41:55.528Z [Modules] Streaming discord_krisp@1 to /home/alexe/.config/discord/0.0.35/modules/pending/discord_krisp-1.zip: 42%
2023-11-19T18:41:55.541Z [Modules] Streaming discord_krisp@1 to /home/alexe/.config/discord/0.0.35/modules/pending/discord_krisp-1.zip: 43%
2023-11-19T18:41:55.556Z [Modules] Streaming discord_krisp@1 to /home/alexe/.config/discord/0.0.35/modules/pending/discord_krisp-1.zip: 44%
2023-11-19T18:41:55.577Z [Modules] Streaming discord_krisp@1 to /home/alexe/.config/discord/0.0.35/modules/pending/discord_krisp-1.zip: 45%
2023-11-19T18:41:55.588Z [Modules] Checking for host updates.
2023-11-19T18:41:55.593Z [Modules] Streaming discord_krisp@1 to /home/alexe/.config/discord/0.0.35/modules/pending/discord_krisp-1.zip: 46%
2023-11-19T18:41:55.616Z [Modules] Streaming discord_krisp@1 to /home/alexe/.config/discord/0.0.35/modules/pending/discord_krisp-1.zip: 47%
2023-11-19T18:41:55.654Z [Modules] Starting to install discord_rpc...
2023-11-19T18:41:55.654Z [Modules] Streaming discord_krisp@1 to /home/alexe/.config/discord/0.0.35/modules/pending/discord_krisp-1.zip: 48%
2023-11-19T18:41:55.663Z [Modules] Streaming discord_krisp@1 to /home/alexe/.config/discord/0.0.35/modules/pending/discord_krisp-1.zip: 49%
2023-11-19T18:41:55.693Z [Modules] Streaming discord_krisp@1 to /home/alexe/.config/discord/0.0.35/modules/pending/discord_krisp-1.zip: 50%
2023-11-19T18:41:55.696Z [Modules] Streaming discord_krisp@1 to /home/alexe/.config/discord/0.0.35/modules/pending/discord_krisp-1.zip: 51%
2023-11-19T18:41:55.712Z [Modules] Streaming discord_krisp@1 to /home/alexe/.config/discord/0.0.35/modules/pending/discord_krisp-1.zip: 52%
2023-11-19T18:41:55.733Z [Modules] Streaming discord_krisp@1 to /home/alexe/.config/discord/0.0.35/modules/pending/discord_krisp-1.zip: 53%
2023-11-19T18:41:55.746Z [Modules] Streaming discord_krisp@1 to /home/alexe/.config/discord/0.0.35/modules/pending/discord_krisp-1.zip: 54%
2023-11-19T18:41:55.770Z [Modules] Streaming discord_krisp@1 to /home/alexe/.config/discord/0.0.35/modules/pending/discord_krisp-1.zip: 55%
2023-11-19T18:41:55.877Z [Modules] Streaming discord_krisp@1 to /home/alexe/.config/discord/0.0.35/modules/pending/discord_krisp-1.zip: 56%
2023-11-19T18:41:55.884Z [Modules] Streaming discord_krisp@1 to /home/alexe/.config/discord/0.0.35/modules/pending/discord_krisp-1.zip: 57%
2023-11-19T18:41:55.901Z [Modules] Streaming discord_krisp@1 to /home/alexe/.config/discord/0.0.35/modules/pending/discord_krisp-1.zip: 58%
2023-11-19T18:41:55.902Z [Modules] Host is up to date.
2023-11-19T18:41:55.902Z [Modules] Checking for module updates at https://discord.com/api/modules/stable/versions.json
2023-11-19T18:41:55.903Z [Modules] Streaming discord_krisp@1 to /home/alexe/.config/discord/0.0.35/modules/pending/discord_krisp-1.zip: 61%
2023-11-19T18:41:55.906Z [Modules] No module updates available.
2023-11-19T18:41:55.909Z [Modules] Streaming discord_krisp@1 to /home/alexe/.config/discord/0.0.35/modules/pending/discord_krisp-1.zip: 62%
2023-11-19T18:41:55.928Z [Modules] Streaming discord_krisp@1 to /home/alexe/.config/discord/0.0.35/modules/pending/discord_krisp-1.zip: 63%
2023-11-19T18:41:55.946Z [Modules] Streaming discord_krisp@1 to /home/alexe/.config/discord/0.0.35/modules/pending/discord_krisp-1.zip: 64%
2023-11-19T18:41:55.968Z [Modules] Streaming discord_krisp@1 to /home/alexe/.config/discord/0.0.35/modules/pending/discord_krisp-1.zip: 65%
2023-11-19T18:41:55.981Z [Modules] Streaming discord_krisp@1 to /home/alexe/.config/discord/0.0.35/modules/pending/discord_krisp-1.zip: 66%
2023-11-19T18:41:56.002Z [Modules] Streaming discord_krisp@1 to /home/alexe/.config/discord/0.0.35/modules/pending/discord_krisp-1.zip: 67%
2023-11-19T18:41:56.031Z [Modules] Streaming discord_krisp@1 to /home/alexe/.config/discord/0.0.35/modules/pending/discord_krisp-1.zip: 68%
2023-11-19T18:41:56.083Z [Modules] Streaming discord_krisp@1 to /home/alexe/.config/discord/0.0.35/modules/pending/discord_krisp-1.zip: 69%
2023-11-19T18:41:56.116Z [Modules] Streaming discord_krisp@1 to /home/alexe/.config/discord/0.0.35/modules/pending/discord_krisp-1.zip: 70%
2023-11-19T18:41:56.122Z [Modules] Streaming discord_krisp@1 to /home/alexe/.config/discord/0.0.35/modules/pending/discord_krisp-1.zip: 71%
2023-11-19T18:41:56.147Z [Modules] Streaming discord_krisp@1 to /home/alexe/.config/discord/0.0.35/modules/pending/discord_krisp-1.zip: 72%
2023-11-19T18:41:56.173Z [Modules] Streaming discord_krisp@1 to /home/alexe/.config/discord/0.0.35/modules/pending/discord_krisp-1.zip: 73%
2023-11-19T18:41:56.194Z [Modules] Streaming discord_krisp@1 to /home/alexe/.config/discord/0.0.35/modules/pending/discord_krisp-1.zip: 74%
2023-11-19T18:41:56.206Z [Modules] Streaming discord_krisp@1 to /home/alexe/.config/discord/0.0.35/modules/pending/discord_krisp-1.zip: 75%
2023-11-19T18:41:56.221Z [Modules] Streaming discord_krisp@1 to /home/alexe/.config/discord/0.0.35/modules/pending/discord_krisp-1.zip: 76%
2023-11-19T18:41:56.237Z [Modules] Streaming discord_krisp@1 to /home/alexe/.config/discord/0.0.35/modules/pending/discord_krisp-1.zip: 77%
2023-11-19T18:41:56.251Z [Modules] Streaming discord_krisp@1 to /home/alexe/.config/discord/0.0.35/modules/pending/discord_krisp-1.zip: 78%
2023-11-19T18:41:56.262Z [Modules] Streaming discord_krisp@1 to /home/alexe/.config/discord/0.0.35/modules/pending/discord_krisp-1.zip: 79%
2023-11-19T18:41:56.274Z [Modules] Streaming discord_krisp@1 to /home/alexe/.config/discord/0.0.35/modules/pending/discord_krisp-1.zip: 80%
2023-11-19T18:41:56.286Z [Modules] Streaming discord_krisp@1 to /home/alexe/.config/discord/0.0.35/modules/pending/discord_krisp-1.zip: 81%
2023-11-19T18:41:56.298Z [Modules] Streaming discord_krisp@1 to /home/alexe/.config/discord/0.0.35/modules/pending/discord_krisp-1.zip: 82%
2023-11-19T18:41:56.310Z [Modules] Streaming discord_krisp@1 to /home/alexe/.config/discord/0.0.35/modules/pending/discord_krisp-1.zip: 83%
2023-11-19T18:41:56.328Z [Modules] Streaming discord_krisp@1 to /home/alexe/.config/discord/0.0.35/modules/pending/discord_krisp-1.zip: 84%
2023-11-19T18:41:56.337Z [Modules] Streaming discord_krisp@1 to /home/alexe/.config/discord/0.0.35/modules/pending/discord_krisp-1.zip: 85%
2023-11-19T18:41:56.365Z [Modules] Streaming discord_krisp@1 to /home/alexe/.config/discord/0.0.35/modules/pending/discord_krisp-1.zip: 86%
2023-11-19T18:41:56.373Z [Modules] Streaming discord_krisp@1 to /home/alexe/.config/discord/0.0.35/modules/pending/discord_krisp-1.zip: 87%
2023-11-19T18:41:56.387Z [Modules] Streaming discord_krisp@1 to /home/alexe/.config/discord/0.0.35/modules/pending/discord_krisp-1.zip: 88%
2023-11-19T18:41:56.406Z [Modules] Streaming discord_krisp@1 to /home/alexe/.config/discord/0.0.35/modules/pending/discord_krisp-1.zip: 89%
2023-11-19T18:41:56.419Z [Modules] Streaming discord_krisp@1 to /home/alexe/.config/discord/0.0.35/modules/pending/discord_krisp-1.zip: 90%
2023-11-19T18:41:56.436Z [Modules] Streaming discord_krisp@1 to /home/alexe/.config/discord/0.0.35/modules/pending/discord_krisp-1.zip: 91%
2023-11-19T18:41:56.456Z [Modules] Streaming discord_krisp@1 to /home/alexe/.config/discord/0.0.35/modules/pending/discord_krisp-1.zip: 92%
2023-11-19T18:41:56.539Z [Modules] Streaming discord_krisp@1 to /home/alexe/.config/discord/0.0.35/modules/pending/discord_krisp-1.zip: 93%
2023-11-19T18:41:56.561Z [Modules] Streaming discord_krisp@1 to /home/alexe/.config/discord/0.0.35/modules/pending/discord_krisp-1.zip: 94%
2023-11-19T18:41:56.571Z [Modules] Streaming discord_krisp@1 to /home/alexe/.config/discord/0.0.35/modules/pending/discord_krisp-1.zip: 98%
2023-11-19T18:41:56.573Z [Modules] Streaming discord_krisp@1 to /home/alexe/.config/discord/0.0.35/modules/pending/discord_krisp-1.zip: 99%
2023-11-19T18:41:56.587Z [Modules] Streaming discord_krisp@1 to /home/alexe/.config/discord/0.0.35/modules/pending/discord_krisp-1.zip: 100%
2023-11-19T18:41:56.589Z [Modules] Fetching discord_game_utils@1 from https://discord.com/api/modules/stable/discord_game_utils/1
2023-11-19T18:41:56.589Z [Modules] Streaming discord_game_utils@1 to /home/alexe/.config/discord/0.0.35/modules/pending/discord_game_utils-1.zip
2023-11-19T18:41:56.589Z [Modules] Installing discord_krisp@1 from /home/alexe/.config/discord/0.0.35/modules/pending/discord_krisp-1.zip
2023-11-19T18:41:56.806Z [Modules] Streaming discord_game_utils@1 to /home/alexe/.config/discord/0.0.35/modules/pending/discord_game_utils-1.zip: 5%
2023-11-19T18:41:56.806Z [Modules] Streaming discord_game_utils@1 to /home/alexe/.config/discord/0.0.35/modules/pending/discord_game_utils-1.zip: 11%
2023-11-19T18:41:56.807Z [Modules] Streaming discord_game_utils@1 to /home/alexe/.config/discord/0.0.35/modules/pending/discord_game_utils-1.zip: 21%
2023-11-19T18:41:56.808Z [Modules] Streaming discord_game_utils@1 to /home/alexe/.config/discord/0.0.35/modules/pending/discord_game_utils-1.zip: 27%
2023-11-19T18:41:56.811Z [Modules] Streaming discord_game_utils@1 to /home/alexe/.config/discord/0.0.35/modules/pending/discord_game_utils-1.zip: 30%
2023-11-19T18:41:56.811Z [Modules] Streaming discord_game_utils@1 to /home/alexe/.config/discord/0.0.35/modules/pending/discord_game_utils-1.zip: 31%
2023-11-19T18:41:56.814Z [Modules] Streaming discord_game_utils@1 to /home/alexe/.config/discord/0.0.35/modules/pending/discord_game_utils-1.zip: 33%
2023-11-19T18:41:56.823Z [Modules] Streaming discord_game_utils@1 to /home/alexe/.config/discord/0.0.35/modules/pending/discord_game_utils-1.zip: 35%
2023-11-19T18:41:56.827Z [Modules] Streaming discord_game_utils@1 to /home/alexe/.config/discord/0.0.35/modules/pending/discord_game_utils-1.zip: 36%
2023-11-19T18:41:56.829Z [Modules] Streaming discord_game_utils@1 to /home/alexe/.config/discord/0.0.35/modules/pending/discord_game_utils-1.zip: 37%
2023-11-19T18:41:56.844Z [Modules] Streaming discord_game_utils@1 to /home/alexe/.config/discord/0.0.35/modules/pending/discord_game_utils-1.zip: 38%
2023-11-19T18:41:56.916Z [Modules] Finished module installations. [success: 1] [failure: 0]
2023-11-19T18:41:56.947Z [Modules] Streaming discord_game_utils@1 to /home/alexe/.config/discord/0.0.35/modules/pending/discord_game_utils-1.zip: 39%
2023-11-19T18:41:56.995Z [Modules] Streaming discord_game_utils@1 to /home/alexe/.config/discord/0.0.35/modules/pending/discord_game_utils-1.zip: 40%
2023-11-19T18:41:57.055Z [Modules] Streaming discord_game_utils@1 to /home/alexe/.config/discord/0.0.35/modules/pending/discord_game_utils-1.zip: 41%
2023-11-19T18:41:57.060Z [Modules] Streaming discord_game_utils@1 to /home/alexe/.config/discord/0.0.35/modules/pending/discord_game_utils-1.zip: 43%
2023-11-19T18:41:57.062Z [Modules] Streaming discord_game_utils@1 to /home/alexe/.config/discord/0.0.35/modules/pending/discord_game_utils-1.zip: 44%
2023-11-19T18:41:57.068Z [Modules] Streaming discord_game_utils@1 to /home/alexe/.config/discord/0.0.35/modules/pending/discord_game_utils-1.zip: 45%
2023-11-19T18:41:57.079Z [Modules] Streaming discord_game_utils@1 to /home/alexe/.config/discord/0.0.35/modules/pending/discord_game_utils-1.zip: 47%
2023-11-19T18:41:57.079Z [Modules] Streaming discord_game_utils@1 to /home/alexe/.config/discord/0.0.35/modules/pending/discord_game_utils-1.zip: 49%
2023-11-19T18:41:57.087Z [Modules] Streaming discord_game_utils@1 to /home/alexe/.config/discord/0.0.35/modules/pending/discord_game_utils-1.zip: 52%
2023-11-19T18:41:57.088Z [Modules] Streaming discord_game_utils@1 to /home/alexe/.config/discord/0.0.35/modules/pending/discord_game_utils-1.zip: 54%
2023-11-19T18:41:57.095Z [Modules] Streaming discord_game_utils@1 to /home/alexe/.config/discord/0.0.35/modules/pending/discord_game_utils-1.zip: 55%
2023-11-19T18:41:57.100Z [Modules] Streaming discord_game_utils@1 to /home/alexe/.config/discord/0.0.35/modules/pending/discord_game_utils-1.zip: 58%
2023-11-19T18:41:57.100Z [Modules] Streaming discord_game_utils@1 to /home/alexe/.config/discord/0.0.35/modules/pending/discord_game_utils-1.zip: 60%
2023-11-19T18:41:57.106Z [Modules] Streaming discord_game_utils@1 to /home/alexe/.config/discord/0.0.35/modules/pending/discord_game_utils-1.zip: 62%
2023-11-19T18:41:57.106Z [Modules] Streaming discord_game_utils@1 to /home/alexe/.config/discord/0.0.35/modules/pending/discord_game_utils-1.zip: 64%
2023-11-19T18:41:57.108Z [Modules] Streaming discord_game_utils@1 to /home/alexe/.config/discord/0.0.35/modules/pending/discord_game_utils-1.zip: 65%
2023-11-19T18:41:57.112Z [Modules] Streaming discord_game_utils@1 to /home/alexe/.config/discord/0.0.35/modules/pending/discord_game_utils-1.zip: 68%
2023-11-19T18:41:57.113Z [Modules] Streaming discord_game_utils@1 to /home/alexe/.config/discord/0.0.35/modules/pending/discord_game_utils-1.zip: 70%
2023-11-19T18:41:57.118Z [Modules] Streaming discord_game_utils@1 to /home/alexe/.config/discord/0.0.35/modules/pending/discord_game_utils-1.zip: 72%
2023-11-19T18:41:57.119Z [Modules] Streaming discord_game_utils@1 to /home/alexe/.config/discord/0.0.35/modules/pending/discord_game_utils-1.zip: 74%
2023-11-19T18:41:57.125Z [Modules] Streaming discord_game_utils@1 to /home/alexe/.config/discord/0.0.35/modules/pending/discord_game_utils-1.zip: 77%
2023-11-19T18:41:57.125Z [Modules] Streaming discord_game_utils@1 to /home/alexe/.config/discord/0.0.35/modules/pending/discord_game_utils-1.zip: 79%
2023-11-19T18:41:57.131Z [Modules] Streaming discord_game_utils@1 to /home/alexe/.config/discord/0.0.35/modules/pending/discord_game_utils-1.zip: 82%
2023-11-19T18:41:57.131Z [Modules] Streaming discord_game_utils@1 to /home/alexe/.config/discord/0.0.35/modules/pending/discord_game_utils-1.zip: 83%
2023-11-19T18:41:57.131Z [Modules] Streaming discord_game_utils@1 to /home/alexe/.config/discord/0.0.35/modules/pending/discord_game_utils-1.zip: 84%
2023-11-19T18:41:57.133Z [Modules] Streaming discord_game_utils@1 to /home/alexe/.config/discord/0.0.35/modules/pending/discord_game_utils-1.zip: 85%
2023-11-19T18:41:57.136Z [Modules] Streaming discord_game_utils@1 to /home/alexe/.config/discord/0.0.35/modules/pending/discord_game_utils-1.zip: 86%
2023-11-19T18:41:57.138Z [Modules] Streaming discord_game_utils@1 to /home/alexe/.config/discord/0.0.35/modules/pending/discord_game_utils-1.zip: 87%
2023-11-19T18:41:57.140Z [Modules] Streaming discord_game_utils@1 to /home/alexe/.config/discord/0.0.35/modules/pending/discord_game_utils-1.zip: 89%
2023-11-19T18:41:57.143Z [Modules] Streaming discord_game_utils@1 to /home/alexe/.config/discord/0.0.35/modules/pending/discord_game_utils-1.zip: 91%
2023-11-19T18:41:57.145Z [Modules] Streaming discord_game_utils@1 to /home/alexe/.config/discord/0.0.35/modules/pending/discord_game_utils-1.zip: 92%
2023-11-19T18:41:57.153Z [Modules] Streaming discord_game_utils@1 to /home/alexe/.config/discord/0.0.35/modules/pending/discord_game_utils-1.zip: 94%
2023-11-19T18:41:57.157Z [Modules] Streaming discord_game_utils@1 to /home/alexe/.config/discord/0.0.35/modules/pending/discord_game_utils-1.zip: 96%
2023-11-19T18:41:57.158Z [Modules] Streaming discord_game_utils@1 to /home/alexe/.config/discord/0.0.35/modules/pending/discord_game_utils-1.zip: 98%
2023-11-19T18:41:57.159Z [Modules] Streaming discord_game_utils@1 to /home/alexe/.config/discord/0.0.35/modules/pending/discord_game_utils-1.zip: 100%
2023-11-19T18:41:57.169Z [Modules] Fetching discord_rpc@1 from https://discord.com/api/modules/stable/discord_rpc/1
2023-11-19T18:41:57.170Z [Modules] Streaming discord_rpc@1 to /home/alexe/.config/discord/0.0.35/modules/pending/discord_rpc-1.zip
2023-11-19T18:41:57.170Z [Modules] Installing discord_game_utils@1 from /home/alexe/.config/discord/0.0.35/modules/pending/discord_game_utils-1.zip
2023-11-19T18:41:57.221Z [Modules] Finished module installations. [success: 1] [failure: 0]
2023-11-19T18:41:57.411Z [Modules] Streaming discord_rpc@1 to /home/alexe/.config/discord/0.0.35/modules/pending/discord_rpc-1.zip: 100%
2023-11-19T18:41:57.412Z [Modules] Finished module downloads. [success: 3] [failure: 0]
2023-11-19T18:41:57.413Z [Modules] Installing discord_rpc@1 from /home/alexe/.config/discord/0.0.35/modules/pending/discord_rpc-1.zip
2023-11-19T18:41:57.421Z [Modules] Finished module installations. [success: 1] [failure: 0]
