=========================
Fcitx 5.1.9 -- Get Signal No.: 6
Date: try "date -d @1716135254" if you are using GNU date ***
ProcessID: 929
fcitx5(+0xe26c)[0x5ab73b13026c]
/usr/lib/libc.so.6(+0x3cae0)[0x7e1cd6c50ae0]
/usr/lib/libc.so.6(+0x94e44)[0x7e1cd6ca8e44]
/usr/lib/libc.so.6(gsignal+0x20)[0x7e1cd6c50a30]
/usr/lib/libc.so.6(abort+0xdf)[0x7e1cd6c384c3]
/usr/lib/libstdc++.so.6(_ZNSt6chrono3_V212system_clock3nowEv+0x0)[0x7e1cd6ed2d60]
/usr/lib/fcitx5/libwaylandim.so(+0x25029)[0x7e1cd5e76029]
/usr/lib/fcitx5/libwaylandim.so(+0x3302f)[0x7e1cd5e8402f]
/usr/lib/libffi.so.8(+0x7596)[0x7e1cd6748596]
/usr/lib/libffi.so.8(+0x400e)[0x7e1cd674500e]
/usr/lib/libffi.so.8(ffi_call+0x123)[0x7e1cd6747bd3]
/usr/lib/libwayland-client.so.0(+0x7645)[0x7e1cd67b2645]
/usr/lib/libwayland-client.so.0(+0x7e73)[0x7e1cd67b2e73]
/usr/lib/libwayland-client.so.0(wl_display_dispatch_queue_pending+0x7c)[0x7e1cd67b313c]
/usr/lib/fcitx5/libwayland.so(+0x1e5ca)[0x7e1cd67db5ca]
/usr/lib/libFcitx5Utils.so.2(+0x382af)[0x7e1cd71ee2af]
/usr/lib/libFcitx5Utils.so.2(+0x2fc11)[0x7e1cd71e5c11]
/usr/lib/libsystemd.so.0(+0x8459a)[0x7e1cd6baa59a]
/usr/lib/libsystemd.so.0(sd_event_dispatch+0x13b)[0x7e1cd6baa90b]
/usr/lib/libsystemd.so.0(sd_event_run+0x119)[0x7e1cd6bacf29]
/usr/lib/libsystemd.so.0(sd_event_loop+0x68)[0x7e1cd6bad108]
/usr/lib/libFcitx5Utils.so.2(_ZN5fcitx9EventLoop4execEv+0x16)[0x7e1cd71e4166]
/usr/lib/libFcitx5Core.so.7(_ZN5fcitx8Instance4execEv+0x5c)[0x7e1cd72ba58c]
fcitx5(+0xc660)[0x5ab73b12e660]
/usr/lib/libc.so.6(+0x25c88)[0x7e1cd6c39c88]
/usr/lib/libc.so.6(__libc_start_main+0x8c)[0x7e1cd6c39d4c]
fcitx5(+0xdaf5)[0x5ab73b12faf5]
